<?xml version="1.0" encoding="utf-8"?><testsuites name="pytest tests"><testsuite name="pytest" errors="0" failures="0" skipped="0" tests="18" time="11.977" timestamp="2026-01-23T00:49:29.007588+00:00" hostname="agent-env-c7bf67dc-80d2-4152-916f-e54a764d9793"><testcase classname="tests.test_client_dashboard.TestClientAuth" name="test_client_login" time="1.202" /><testcase classname="tests.test_client_dashboard.TestClientProfile" name="test_get_client_profile" time="0.798" /><testcase classname="tests.test_client_dashboard.TestClientProfile" name="test_update_client_profile" time="0.598" /><testcase classname="tests.test_client_dashboard.TestFriendsSystem" name="test_get_friends_list" time="0.460" /><testcase classname="tests.test_client_dashboard.TestFriendsSystem" name="test_get_friend_requests" time="0.683" /><testcase classname="tests.test_client_dashboard.TestFriendsSystem" name="test_get_suggested_friends" time="0.567" /><testcase classname="tests.test_client_dashboard.TestFriendsSystem" name="test_send_friend_request_self" time="0.349" /><testcase classname="tests.test_client_dashboard.TestPaymentCards" name="test_get_payment_cards" time="0.658" /><testcase classname="tests.test_client_dashboard.TestPaymentCards" name="test_add_payment_card" time="0.493" /><testcase classname="tests.test_client_dashboard.TestPaymentCards" name="test_add_and_delete_card" time="0.975" /><testcase classname="tests.test_client_dashboard.TestClientDocuments" name="test_get_documents" time="0.453" /><testcase classname="tests.test_client_dashboard.TestClientDocuments" name="test_add_document" time="0.465" /><testcase classname="tests.test_client_dashboard.TestClientDocuments" name="test_add_and_delete_document" time="0.725" /><testcase classname="tests.test_client_dashboard.TestMessaging" name="test_get_conversations" time="0.456" /><testcase classname="tests.test_client_dashboard.TestMessaging" name="test_send_message_to_self_fails" time="0.750" /><testcase classname="tests.test_client_dashboard.TestStatistics" name="test_profile_stats_in_profile" time="0.784" /><testcase classname="tests.test_client_dashboard.TestCleanup" name="test_cleanup_test_cards" time="0.731" /><testcase classname="tests.test_client_dashboard.TestCleanup" name="test_cleanup_test_documents" time="0.743" /></testsuite></testsuites>