<?xml version="1.0" encoding="utf-8"?><testsuites name="pytest tests"><testsuite name="pytest" errors="0" failures="1" skipped="0" tests="12" time="8.104" timestamp="2026-01-23T18:56:20.088404+00:00" hostname="agent-env-989d871b-57e7-4d3e-83d2-9a2af39e9442"><testcase classname="backend.tests.test_premium_subscription.TestPremiumSubscription" name="test_premium_checkout_creates_session" time="2.062" /><testcase classname="backend.tests.test_premium_subscription.TestPremiumSubscription" name="test_vip_checkout_creates_session" time="0.786" /><testcase classname="backend.tests.test_premium_subscription.TestPremiumSubscription" name="test_invalid_plan_checkout_fails" time="0.369" /><testcase classname="backend.tests.test_premium_subscription.TestPremiumSubscription" name="test_checkout_without_auth_fails" time="0.243" /><testcase classname="backend.tests.test_premium_subscription.TestPremiumSubscription" name="test_cancel_subscription_removes_benefits" time="0.604" /><testcase classname="backend.tests.test_premium_subscription.TestPremiumSubscription" name="test_cancel_without_subscription_returns_404" time="0.705" /><testcase classname="backend.tests.test_premium_subscription.TestPremiumSubscription" name="test_confirm_with_invalid_session_fails" time="0.536"><failure message="AssertionError: Expected error status for invalid session, got 520&#10;assert 520 in [400, 404, 500]&#10; +  where 520 = &lt;Response [520]&gt;.status_code">backend/tests/test_premium_subscription.py:201: in test_confirm_with_invalid_session_fails
    assert response.status_code in [400, 404, 500], f"Expected error status for invalid session, got {response.status_code}"
E   AssertionError: Expected error status for invalid session, got 520
E   assert 520 in [400, 404, 500]
E    +  where 520 = &lt;Response [520]&gt;.status_code</failure></testcase><testcase classname="backend.tests.test_premium_subscription.TestPremiumSubscription" name="test_confirm_without_auth_fails" time="0.256" /><testcase classname="backend.tests.test_premium_subscription.TestPremiumSubscription" name="test_get_premium_status" time="0.548" /><testcase classname="backend.tests.test_premium_subscription.TestPremiumSubscription" name="test_auth_me_returns_premium_fields" time="0.322" /><testcase classname="backend.tests.test_premium_subscription.TestPremiumCheckoutIntegration" name="test_full_checkout_flow_premium" time="0.752" /><testcase classname="backend.tests.test_premium_subscription.TestPremiumCheckoutIntegration" name="test_full_checkout_flow_vip" time="0.821" /></testsuite></testsuites>