<?xml version="1.0" encoding="utf-8"?><testsuites name="pytest tests"><testsuite name="pytest" errors="0" failures="0" skipped="0" tests="28" time="15.390" timestamp="2026-01-25T12:16:44.602724+00:00" hostname="agent-env-c2331703-694f-4804-af6e-0b8d9873bcd0"><testcase classname="backend.tests.test_iteration35_production_ready.TestHealthAndBasics" name="test_health_endpoint" time="0.063" /><testcase classname="backend.tests.test_iteration35_production_ready.TestHealthAndBasics" name="test_categories_products" time="0.035" /><testcase classname="backend.tests.test_iteration35_production_ready.TestHealthAndBasics" name="test_categories_services" time="0.038" /><testcase classname="backend.tests.test_iteration35_production_ready.TestAdminAuthentication" name="test_admin_login" time="1.234" /><testcase classname="backend.tests.test_iteration35_production_ready.TestAdminAuthentication" name="test_admin_me_endpoint" time="0.347" /><testcase classname="backend.tests.test_iteration35_production_ready.TestAdminDashboard" name="test_admin_stats" time="1.011" /><testcase classname="backend.tests.test_iteration35_production_ready.TestAdminDashboard" name="test_admin_users" time="0.686" /><testcase classname="backend.tests.test_iteration35_production_ready.TestAdminDashboard" name="test_admin_withdrawals" time="1.120" /><testcase classname="backend.tests.test_iteration35_production_ready.TestAdminAccounting" name="test_accounting_summary" time="1.354" /><testcase classname="backend.tests.test_iteration35_production_ready.TestAdminAccounting" name="test_accounting_transactions" time="0.932" /><testcase classname="backend.tests.test_iteration35_production_ready.TestAdminAccounting" name="test_export_excel_with_token_param" time="2.171" /><testcase classname="backend.tests.test_iteration35_production_ready.TestAdminAccounting" name="test_export_pdf_with_token_param" time="1.400" /><testcase classname="backend.tests.test_iteration35_production_ready.TestAdminAccounting" name="test_export_excel_without_token_fails" time="0.041" /><testcase classname="backend.tests.test_iteration35_production_ready.TestAdminAccounting" name="test_export_pdf_without_token_fails" time="0.034" /><testcase classname="backend.tests.test_iteration35_production_ready.TestClientAuthentication" name="test_client_login" time="0.198" /><testcase classname="backend.tests.test_iteration35_production_ready.TestClientAuthentication" name="test_client_me_endpoint" time="0.339" /><testcase classname="backend.tests.test_iteration35_production_ready.TestClientDashboard" name="test_client_orders" time="0.477" /><testcase classname="backend.tests.test_iteration35_production_ready.TestClientDashboard" name="test_client_cashback_balance" time="0.461" /><testcase classname="backend.tests.test_iteration35_production_ready.TestClientDashboard" name="test_client_cashback_history" time="0.573" /><testcase classname="backend.tests.test_iteration35_production_ready.TestClientDashboard" name="test_client_withdrawal_info" time="0.455" /><testcase classname="backend.tests.test_iteration35_production_ready.TestClientDashboard" name="test_client_cart" time="0.234" /><testcase classname="backend.tests.test_iteration35_production_ready.TestClientDashboard" name="test_client_wishlist" time="0.494" /><testcase classname="backend.tests.test_iteration35_production_ready.TestEnterpriseAuthentication" name="test_enterprise_profile" time="0.236" /><testcase classname="backend.tests.test_iteration35_production_ready.TestEnterpriseAuthentication" name="test_enterprise_orders" time="0.565" /><testcase classname="backend.tests.test_iteration35_production_ready.TestPublicEndpoints" name="test_enterprises_list" time="0.254" /><testcase classname="backend.tests.test_iteration35_production_ready.TestPublicEndpoints" name="test_services_products_list" time="0.256" /><testcase classname="backend.tests.test_iteration35_production_ready.TestPublicEndpoints" name="test_featured_tendances" time="0.148" /><testcase classname="backend.tests.test_iteration35_production_ready.TestPublicEndpoints" name="test_featured_premium" time="0.142" /></testsuite></testsuites>