<?xml version="1.0" encoding="utf-8"?><testsuites name="pytest tests"><testsuite name="pytest" errors="0" failures="0" skipped="0" tests="21" time="15.850" timestamp="2026-01-24T01:04:51.129390+00:00" hostname="agent-env-cc0b65cc-bc9a-4f16-af43-a4b402a8ee62"><testcase classname="backend.tests.test_iteration27_features.TestAuthentication" name="test_client_login" time="0.233" /><testcase classname="backend.tests.test_iteration27_features.TestAuthentication" name="test_enterprise_login" time="0.205" /><testcase classname="backend.tests.test_iteration27_features.TestJobApplicationsWithCV" name="test_get_jobs_list" time="1.252" /><testcase classname="backend.tests.test_iteration27_features.TestJobApplicationsWithCV" name="test_get_job_applications_with_resume" time="1.932" /><testcase classname="backend.tests.test_iteration27_features.TestJobApplicationsWithCV" name="test_cv_file_accessible" time="2.024" /><testcase classname="backend.tests.test_iteration27_features.TestMessagesSystem" name="test_get_conversations_client" time="0.687" /><testcase classname="backend.tests.test_iteration27_features.TestMessagesSystem" name="test_get_conversations_enterprise" time="0.571" /><testcase classname="backend.tests.test_iteration27_features.TestMessagesSystem" name="test_send_message_client_to_enterprise" time="0.910" /><testcase classname="backend.tests.test_iteration27_features.TestMessagesSystem" name="test_get_messages_with_partner" time="0.893" /><testcase classname="backend.tests.test_iteration27_features.TestInfluencersSection" name="test_get_influencers_list" time="0.145" /><testcase classname="backend.tests.test_iteration27_features.TestInfluencersSection" name="test_get_influencers_by_category" time="0.144" /><testcase classname="backend.tests.test_iteration27_features.TestInfluencersSection" name="test_get_enterprise_collaborations" time="1.012" /><testcase classname="backend.tests.test_iteration27_features.TestInfluencersSection" name="test_create_influencer_collaboration" time="0.870" /><testcase classname="backend.tests.test_iteration27_features.TestIACampaignsWithRealBDD" name="test_get_ia_campaigns" time="0.704" /><testcase classname="backend.tests.test_iteration27_features.TestIACampaignsWithRealBDD" name="test_create_ia_campaign_with_real_targeting" time="0.794" /><testcase classname="backend.tests.test_iteration27_features.TestIACampaignsWithRealBDD" name="test_ia_campaign_budget_multipliers" time="2.134" /><testcase classname="backend.tests.test_iteration27_features.TestWebSocketEndpoints" name="test_ws_status_endpoint" time="0.049" /><testcase classname="backend.tests.test_iteration27_features.TestWebSocketEndpoints" name="test_ws_online_friends_endpoint" time="0.477" /><testcase classname="backend.tests.test_iteration27_features.TestEnterpriseCustomers" name="test_get_enterprise_customers" time="0.681" /><testcase classname="backend.tests.test_iteration27_features.TestHealthAndRoot" name="test_health_check" time="0.034" /><testcase classname="backend.tests.test_iteration27_features.TestHealthAndRoot" name="test_root_endpoint" time="0.039" /></testsuite></testsuites>