<?xml version="1.0" encoding="utf-8"?><testsuites name="pytest tests"><testsuite name="pytest" errors="0" failures="0" skipped="0" tests="20" time="10.533" timestamp="2026-02-02T00:55:38.517257+00:00" hostname="agent-env-a501867e-06a5-431a-9a74-eaa21ef5c916"><testcase classname="backend.tests.test_iteration37_rdv_specialists.TestRdvCategories" name="test_get_rdv_categories" time="0.078" /><testcase classname="backend.tests.test_iteration37_rdv_specialists.TestSpecialistCategories" name="test_get_specialist_categories" time="0.041" /><testcase classname="backend.tests.test_iteration37_rdv_specialists.TestLifestylePasses" name="test_get_lifestyle_passes" time="0.043" /><testcase classname="backend.tests.test_iteration37_rdv_specialists.TestAuthenticatedRdvEndpoints" name="test_get_rdv_stats" time="2.838" /><testcase classname="backend.tests.test_iteration37_rdv_specialists.TestAuthenticatedRdvEndpoints" name="test_get_romantic_subscription_status" time="0.413" /><testcase classname="backend.tests.test_iteration37_rdv_specialists.TestAuthenticatedRdvEndpoints" name="test_create_friendly_offer" time="0.546" /><testcase classname="backend.tests.test_iteration37_rdv_specialists.TestAuthenticatedRdvEndpoints" name="test_get_offers_list" time="0.520" /><testcase classname="backend.tests.test_iteration37_rdv_specialists.TestAuthenticatedRdvEndpoints" name="test_get_my_offers" time="0.414" /><testcase classname="backend.tests.test_iteration37_rdv_specialists.TestAuthenticatedRdvEndpoints" name="test_get_received_invitations" time="0.431" /><testcase classname="backend.tests.test_iteration37_rdv_specialists.TestAuthenticatedRdvEndpoints" name="test_romantic_offer_requires_subscription" time="0.415" /><testcase classname="backend.tests.test_iteration37_rdv_specialists.TestAuthenticatedSpecialistEndpoints" name="test_create_specialist_request" time="0.448" /><testcase classname="backend.tests.test_iteration37_rdv_specialists.TestAuthenticatedSpecialistEndpoints" name="test_get_specialist_requests" time="0.561" /><testcase classname="backend.tests.test_iteration37_rdv_specialists.TestAuthenticatedSpecialistEndpoints" name="test_get_my_specialist_requests" time="0.405" /><testcase classname="backend.tests.test_iteration37_rdv_specialists.TestAuthenticatedSpecialistEndpoints" name="test_get_my_passes" time="0.410" /><testcase classname="backend.tests.test_iteration37_rdv_specialists.TestEnterpriseSpecialistResponse" name="test_enterprise_can_view_requests" time="0.516" /><testcase classname="backend.tests.test_iteration37_rdv_specialists.TestRomanticSubscriptionFlow" name="test_subscribe_romantic_returns_checkout_url" time="1.092" /><testcase classname="backend.tests.test_iteration37_rdv_specialists.TestLifestylePassSubscriptionFlow" name="test_subscribe_healthy_pass_returns_checkout_url" time="1.056" /><testcase classname="backend.tests.test_iteration37_rdv_specialists.TestUnauthenticatedAccess" name="test_rdv_stats_requires_auth" time="0.056" /><testcase classname="backend.tests.test_iteration37_rdv_specialists.TestUnauthenticatedAccess" name="test_rdv_offers_requires_auth" time="0.036" /><testcase classname="backend.tests.test_iteration37_rdv_specialists.TestUnauthenticatedAccess" name="test_specialist_requests_requires_auth" time="0.080" /></testsuite></testsuites>