<?xml version="1.0" encoding="utf-8"?><testsuites name="pytest tests"><testsuite name="pytest" errors="0" failures="0" skipped="0" tests="29" time="8.985" timestamp="2026-02-02T13:57:23.231284+00:00" hostname="agent-env-2966759e-b2d7-4e1d-926f-b9e224c0146f"><testcase classname="tests.test_iteration38_production_verification.TestAuthenticationFlow" name="test_client_login" time="1.211" /><testcase classname="tests.test_iteration38_production_verification.TestAuthenticationFlow" name="test_enterprise_login" time="0.149" /><testcase classname="tests.test_iteration38_production_verification.TestRdvTitelli" name="test_rdv_categories" time="0.037" /><testcase classname="tests.test_iteration38_production_verification.TestRdvTitelli" name="test_rdv_offers_requires_auth" time="0.039" /><testcase classname="tests.test_iteration38_production_verification.TestRdvTitelli" name="test_rdv_romantic_subscription_status" time="1.351" /><testcase classname="tests.test_iteration38_production_verification.TestRdvTitelli" name="test_rdv_subscribe_romantic_returns_stripe_url" time="0.973" /><testcase classname="tests.test_iteration38_production_verification.TestProPlusPlus" name="test_pro_status_requires_enterprise" time="0.290" /><testcase classname="tests.test_iteration38_production_verification.TestProPlusPlus" name="test_pro_status_for_enterprise" time="0.396" /><testcase classname="tests.test_iteration38_production_verification.TestProPlusPlus" name="test_pro_subscribe_returns_stripe_url" time="0.296" /><testcase classname="tests.test_iteration38_production_verification.TestSportsCompetitions" name="test_sports_categories" time="0.037" /><testcase classname="tests.test_iteration38_production_verification.TestSportsCompetitions" name="test_sports_matches_requires_auth" time="0.075" /><testcase classname="tests.test_iteration38_production_verification.TestSportsCompetitions" name="test_sports_matches_list_authenticated" time="0.510" /><testcase classname="tests.test_iteration38_production_verification.TestSportsCompetitions" name="test_sports_teams_list" time="0.273" /><testcase classname="tests.test_iteration38_production_verification.TestSportsCompetitions" name="test_sports_competitions_list" time="0.252" /><testcase classname="tests.test_iteration38_production_verification.TestSportsCompetitions" name="test_create_match_requires_auth" time="0.034" /><testcase classname="tests.test_iteration38_production_verification.TestNotifications" name="test_notifications_requires_auth" time="0.037" /><testcase classname="tests.test_iteration38_production_verification.TestNotifications" name="test_notifications_list" time="0.512" /><testcase classname="tests.test_iteration38_production_verification.TestGamification" name="test_gamification_profile_requires_auth" time="0.039" /><testcase classname="tests.test_iteration38_production_verification.TestGamification" name="test_gamification_profile" time="0.400" /><testcase classname="tests.test_iteration38_production_verification.TestGamification" name="test_gamification_levels" time="0.035" /><testcase classname="tests.test_iteration38_production_verification.TestSpecialists" name="test_specialists_categories" time="0.039" /><testcase classname="tests.test_iteration38_production_verification.TestSpecialists" name="test_specialists_search" time="0.079" /><testcase classname="tests.test_iteration38_production_verification.TestSpecialists" name="test_specialists_requests_requires_auth" time="0.033" /><testcase classname="tests.test_iteration38_production_verification.TestLifestylePasses" name="test_lifestyle_passes_list" time="0.033" /><testcase classname="tests.test_iteration38_production_verification.TestLifestylePasses" name="test_lifestyle_pass_subscribe" time="0.835" /><testcase classname="tests.test_iteration38_production_verification.TestStripeConfiguration" name="test_stripe_live_mode_via_checkout" time="0.810" /><testcase classname="tests.test_iteration38_production_verification.TestFrontendPages" name="test_rdv_page_accessible" time="0.047" /><testcase classname="tests.test_iteration38_production_verification.TestFrontendPages" name="test_sports_page_accessible" time="0.036" /><testcase classname="tests.test_iteration38_production_verification.TestFrontendPages" name="test_pro_page_accessible" time="0.034" /></testsuite></testsuites>