<?xml version="1.0" encoding="utf-8"?><testsuites name="pytest tests"><testsuite name="pytest" errors="0" failures="0" skipped="0" tests="21" time="10.290" timestamp="2026-01-23T15:03:30.050604+00:00" hostname="agent-env-6b7147c6-59ea-412f-9c95-e4d483f1dd6b"><testcase classname="backend.tests.test_iteration16_bugfixes.TestAuthentication" name="test_client_login" time="0.247" /><testcase classname="backend.tests.test_iteration16_bugfixes.TestAuthentication" name="test_enterprise_login" time="0.207" /><testcase classname="backend.tests.test_iteration16_bugfixes.TestCashbackSystem" name="test_cashback_balance_endpoint" time="0.460" /><testcase classname="backend.tests.test_iteration16_bugfixes.TestCashbackSystem" name="test_cashback_history_endpoint" time="0.575" /><testcase classname="backend.tests.test_iteration16_bugfixes.TestClientDocuments" name="test_list_client_documents" time="0.461" /><testcase classname="backend.tests.test_iteration16_bugfixes.TestJobsAPI" name="test_list_all_jobs" time="1.043" /><testcase classname="backend.tests.test_iteration16_bugfixes.TestJobsAPI" name="test_get_job_detail" time="1.403" /><testcase classname="backend.tests.test_iteration16_bugfixes.TestTrainingsAPI" name="test_list_all_trainings" time="0.156" /><testcase classname="backend.tests.test_iteration16_bugfixes.TestEnterpriseDashboard" name="test_get_enterprise_profile" time="0.349" /><testcase classname="backend.tests.test_iteration16_bugfixes.TestEnterpriseDashboard" name="test_get_enterprise_jobs" time="1.152" /><testcase classname="backend.tests.test_iteration16_bugfixes.TestEnterpriseDashboard" name="test_get_enterprise_trainings" time="0.581" /><testcase classname="backend.tests.test_iteration16_bugfixes.TestEnterpriseDashboard" name="test_get_enterprise_applications" time="1.356" /><testcase classname="backend.tests.test_iteration16_bugfixes.TestClientDashboard" name="test_get_client_profile" time="0.349" /><testcase classname="backend.tests.test_iteration16_bugfixes.TestClientDashboard" name="test_get_client_orders" time="0.462" /><testcase classname="backend.tests.test_iteration16_bugfixes.TestClientDashboard" name="test_get_client_job_applications" time="0.687" /><testcase classname="backend.tests.test_iteration16_bugfixes.TestFeaturedEndpoints" name="test_featured_tendances" time="0.147" /><testcase classname="backend.tests.test_iteration16_bugfixes.TestFeaturedEndpoints" name="test_featured_guests" time="0.149" /><testcase classname="backend.tests.test_iteration16_bugfixes.TestFeaturedEndpoints" name="test_featured_offres" time="0.151" /><testcase classname="backend.tests.test_iteration16_bugfixes.TestFeaturedEndpoints" name="test_featured_premium" time="0.147" /><testcase classname="backend.tests.test_iteration16_bugfixes.TestCategoriesEndpoints" name="test_product_categories" time="0.038" /><testcase classname="backend.tests.test_iteration16_bugfixes.TestCategoriesEndpoints" name="test_service_categories" time="0.055" /></testsuite></testsuites>