<?xml version="1.0" encoding="utf-8"?><testsuites name="pytest tests"><testsuite name="pytest" errors="0" failures="0" skipped="0" tests="15" time="18.980" timestamp="2026-01-24T01:21:41.521684+00:00" hostname="agent-env-cc0b65cc-bc9a-4f16-af43-a4b402a8ee62"><testcase classname="backend.tests.test_iteration28_invoices_finances.TestInvoiceAndFinanceGeneration" name="test_01_client_login" time="1.307" /><testcase classname="backend.tests.test_iteration28_invoices_finances.TestInvoiceAndFinanceGeneration" name="test_02_enterprise_login" time="0.215" /><testcase classname="backend.tests.test_iteration28_invoices_finances.TestInvoiceAndFinanceGeneration" name="test_03_create_order_generates_invoice" time="2.011" /><testcase classname="backend.tests.test_iteration28_invoices_finances.TestInvoiceAndFinanceGeneration" name="test_04_order_generates_document_entry" time="0.485" /><testcase classname="backend.tests.test_iteration28_invoices_finances.TestInvoiceAndFinanceGeneration" name="test_05_order_generates_finance_transaction" time="0.484" /><testcase classname="backend.tests.test_iteration28_invoices_finances.TestEnterpriseInvoicesEndpoint" name="test_01_get_invoices_returns_list_with_summary" time="0.581" /><testcase classname="backend.tests.test_iteration28_invoices_finances.TestEnterpriseInvoicesEndpoint" name="test_02_get_invoices_filter_by_status" time="0.390" /><testcase classname="backend.tests.test_iteration28_invoices_finances.TestEnterpriseInvoicesEndpoint" name="test_03_get_invoice_detail" time="0.850" /><testcase classname="backend.tests.test_iteration28_invoices_finances.TestEnterpriseDocumentsEndpoint" name="test_01_get_documents_factures_category" time="0.682" /><testcase classname="backend.tests.test_iteration28_invoices_finances.TestEnterpriseDocumentsEndpoint" name="test_02_documents_merge_both_collections" time="1.082" /><testcase classname="backend.tests.test_iteration28_invoices_finances.TestEnterpriseFinancesEndpoint" name="test_01_get_finances_returns_transactions_with_summary" time="0.678" /><testcase classname="backend.tests.test_iteration28_invoices_finances.TestEnterpriseFinancesEndpoint" name="test_02_finance_transactions_have_correct_structure" time="0.484" /><testcase classname="backend.tests.test_iteration28_invoices_finances.TestOrderStatusUpdatesInvoice" name="test_01_completed_order_marks_invoice_paid" time="3.468" /><testcase classname="backend.tests.test_iteration28_invoices_finances.TestOrderStatusUpdatesInvoice" name="test_02_cancelled_order_removes_finance_transaction" time="3.766" /><testcase classname="backend.tests.test_iteration28_invoices_finances.TestFeeCalculations" name="test_01_fee_calculations_are_correct" time="2.396" /></testsuite></testsuites>