<?xml version="1.0" encoding="utf-8"?><testsuites name="pytest tests"><testsuite name="pytest" errors="0" failures="0" skipped="0" tests="21" time="22.718" timestamp="2026-01-23T10:29:36.468189+00:00" hostname="agent-env-4abd5a79-bd71-4724-951a-d8386af35291"><testcase classname="tests.test_iteration12_features.TestAuth" name="test_client_login" time="0.248" /><testcase classname="tests.test_iteration12_features.TestAuth" name="test_enterprise_login" time="0.241" /><testcase classname="tests.test_iteration12_features.TestEnterpriseCoverImage" name="test_enterprise_has_cover_image_field" time="0.989" /><testcase classname="tests.test_iteration12_features.TestEnterpriseCoverImage" name="test_update_cover_image" time="1.698" /><testcase classname="tests.test_iteration12_features.TestEnterpriseCoverImage" name="test_enterprises_list_includes_cover_image" time="0.261" /><testcase classname="tests.test_iteration12_features.TestMediaGalleryPhotos" name="test_enterprise_has_photos_array" time="0.973" /><testcase classname="tests.test_iteration12_features.TestMediaGalleryPhotos" name="test_add_photo_to_gallery" time="2.428" /><testcase classname="tests.test_iteration12_features.TestMediaGalleryPhotos" name="test_delete_photo_from_gallery" time="2.207" /><testcase classname="tests.test_iteration12_features.TestMediaGalleryVideos" name="test_enterprise_has_videos_array" time="0.983" /><testcase classname="tests.test_iteration12_features.TestMediaGalleryVideos" name="test_add_youtube_video" time="2.099" /><testcase classname="tests.test_iteration12_features.TestMediaGalleryVideos" name="test_delete_video_from_gallery" time="2.095" /><testcase classname="tests.test_iteration12_features.TestNotificationLinks" name="test_get_notifications" time="0.570" /><testcase classname="tests.test_iteration12_features.TestNotificationLinks" name="test_notification_has_link_field" time="0.575" /><testcase classname="tests.test_iteration12_features.TestNotificationLinks" name="test_enterprise_notifications" time="0.592" /><testcase classname="tests.test_iteration12_features.TestServicesProductsCRUD" name="test_list_services_products" time="0.456" /><testcase classname="tests.test_iteration12_features.TestServicesProductsCRUD" name="test_create_service" time="1.055" /><testcase classname="tests.test_iteration12_features.TestServicesProductsCRUD" name="test_create_product" time="1.066" /><testcase classname="tests.test_iteration12_features.TestServicesProductsCRUD" name="test_update_service_product" time="1.720" /><testcase classname="tests.test_iteration12_features.TestServicesProductsCRUD" name="test_delete_service_product" time="1.223" /><testcase classname="tests.test_iteration12_features.TestDashboardTabParameter" name="test_client_dashboard_tab_parameter_in_notification_links" time="0.572" /><testcase classname="tests.test_iteration12_features.TestDashboardTabParameter" name="test_enterprise_dashboard_tab_parameter_in_notification_links" time="0.575" /></testsuite></testsuites>