<?xml version="1.0" encoding="utf-8"?><testsuites name="pytest tests"><testsuite name="pytest" errors="0" failures="0" skipped="0" tests="16" time="11.481" timestamp="2026-01-23T11:35:46.193925+00:00" hostname="agent-env-95bf42f7-7702-491e-bc03-d67e1f72cfe0"><testcase classname="backend.tests.test_trainings_features.TestTrainingsPublicAPI" name="test_get_public_trainings_list" time="0.171" /><testcase classname="backend.tests.test_trainings_features.TestTrainingsPublicAPI" name="test_get_trainings_with_limit" time="0.150" /><testcase classname="backend.tests.test_trainings_features.TestTrainingsPublicAPI" name="test_get_trainings_by_type" time="0.155" /><testcase classname="backend.tests.test_trainings_features.TestEnterpriseTrainingsAPI" name="test_get_enterprise_trainings" time="0.572" /><testcase classname="backend.tests.test_trainings_features.TestEnterpriseTrainingsAPI" name="test_create_online_training" time="0.574" /><testcase classname="backend.tests.test_trainings_features.TestEnterpriseTrainingsAPI" name="test_create_onsite_training" time="0.575" /><testcase classname="backend.tests.test_trainings_features.TestEnterpriseTrainingsAPI" name="test_update_training" time="1.309" /><testcase classname="backend.tests.test_trainings_features.TestEnterpriseTrainingsAPI" name="test_delete_training" time="0.958" /><testcase classname="backend.tests.test_trainings_features.TestTrainingPurchaseAPI" name="test_purchase_training_creates_stripe_session" time="1.096" /><testcase classname="backend.tests.test_trainings_features.TestTrainingPurchaseAPI" name="test_purchase_nonexistent_training" time="0.484" /><testcase classname="backend.tests.test_trainings_features.TestClientTrainingsAPI" name="test_get_client_trainings" time="0.790" /><testcase classname="backend.tests.test_trainings_features.TestClientTrainingsAPI" name="test_get_client_trainings_filtered_by_status" time="0.797" /><testcase classname="backend.tests.test_trainings_features.TestClientTrainingsAPI" name="test_enrollment_has_downloadable_files_for_online" time="0.783" /><testcase classname="backend.tests.test_trainings_features.TestTrainingEnrollmentAPI" name="test_enroll_without_payment_fails" time="1.161" /><testcase classname="backend.tests.test_trainings_features.TestHomepageTrainingsSection" name="test_trainings_api_returns_enterprise_info" time="0.146" /><testcase classname="backend.tests.test_trainings_features.TestCleanup" name="test_cleanup_test_trainings" time="1.695" /></testsuite></testsuites>