<?xml version="1.0" encoding="utf-8"?><testsuites name="pytest tests"><testsuite name="pytest" errors="0" failures="0" skipped="0" tests="21" time="18.996" timestamp="2026-01-24T00:11:17.581123+00:00" hostname="agent-env-cc0b65cc-bc9a-4f16-af43-a4b402a8ee62"><testcase classname="backend.tests.test_notifications_iteration26.TestAuthAndSetup" name="test_client_login" time="1.248" /><testcase classname="backend.tests.test_notifications_iteration26.TestAuthAndSetup" name="test_enterprise_login" time="0.204" /><testcase classname="backend.tests.test_notifications_iteration26.TestNotificationsCRUD" name="test_get_client_notifications" time="0.588" /><testcase classname="backend.tests.test_notifications_iteration26.TestNotificationsCRUD" name="test_get_enterprise_notifications" time="0.579" /><testcase classname="backend.tests.test_notifications_iteration26.TestNotificationsCRUD" name="test_get_unread_only_notifications" time="0.366" /><testcase classname="backend.tests.test_notifications_iteration26.TestNotificationsCRUD" name="test_mark_notification_read" time="0.636" /><testcase classname="backend.tests.test_notifications_iteration26.TestNotificationsCRUD" name="test_mark_all_notifications_read" time="0.654" /><testcase classname="backend.tests.test_notifications_iteration26.TestNotificationsCRUD" name="test_delete_notification" time="1.005" /><testcase classname="backend.tests.test_notifications_iteration26.TestNotificationsCRUD" name="test_delete_nonexistent_notification" time="0.286" /><testcase classname="backend.tests.test_notifications_iteration26.TestOrderNotifications" name="test_order_creates_client_notification" time="2.429" /><testcase classname="backend.tests.test_notifications_iteration26.TestOrderNotifications" name="test_order_creates_enterprise_notification" time="2.012" /><testcase classname="backend.tests.test_notifications_iteration26.TestReviewNotifications" name="test_review_creates_enterprise_notification" time="1.542" /><testcase classname="backend.tests.test_notifications_iteration26.TestTrainingsAPI" name="test_list_trainings" time="0.359" /><testcase classname="backend.tests.test_notifications_iteration26.TestTrainingsAPI" name="test_get_client_trainings" time="1.144" /><testcase classname="backend.tests.test_notifications_iteration26.TestJobsAPI" name="test_list_jobs" time="1.251" /><testcase classname="backend.tests.test_notifications_iteration26.TestJobsAPI" name="test_get_client_job_applications" time="0.686" /><testcase classname="backend.tests.test_notifications_iteration26.TestActivityFeed" name="test_client_activity_feed" time="1.132" /><testcase classname="backend.tests.test_notifications_iteration26.TestActivityFeed" name="test_enterprise_activity_feed" time="0.923" /><testcase classname="backend.tests.test_notifications_iteration26.TestPaymentsAPI" name="test_subscription_checkout_creates_stripe_url" time="0.902" /><testcase classname="backend.tests.test_notifications_iteration26.TestPaymentsAPI" name="test_payment_status_invalid_session" time="0.415" /><testcase classname="backend.tests.test_notifications_iteration26.TestNotificationTypes" name="test_notification_structure" time="0.574" /></testsuite></testsuites>