<?xml version="1.0" encoding="utf-8"?><testsuites name="pytest tests"><testsuite name="pytest" errors="0" failures="0" skipped="1" tests="15" time="9.595" timestamp="2026-01-25T00:29:46.526535+00:00" hostname="agent-env-b15102dc-4213-4440-b10c-e37f4b3e1e00"><testcase classname="backend.tests.test_iteration32_cashback_withdrawal.TestCashbackWithdrawalSystem" name="test_withdrawal_info_returns_correct_fields" time="1.425" /><testcase classname="backend.tests.test_iteration32_cashback_withdrawal.TestCashbackWithdrawalSystem" name="test_withdrawal_info_shows_bank_info_when_saved" time="0.468" /><testcase classname="backend.tests.test_iteration32_cashback_withdrawal.TestCashbackWithdrawalSystem" name="test_withdrawal_info_requires_auth" time="0.035" /><testcase classname="backend.tests.test_iteration32_cashback_withdrawal.TestCashbackWithdrawalSystem" name="test_save_bank_info_via_profile_update" time="0.564" /><testcase classname="backend.tests.test_iteration32_cashback_withdrawal.TestCashbackWithdrawalSystem" name="test_verify_bank_info_persisted" time="1.355" /><testcase classname="backend.tests.test_iteration32_cashback_withdrawal.TestCashbackWithdrawalSystem" name="test_withdraw_fails_without_bank_info" time="0.687" /><testcase classname="backend.tests.test_iteration32_cashback_withdrawal.TestCashbackWithdrawalSystem" name="test_withdraw_fails_below_minimum" time="1.003" /><testcase classname="backend.tests.test_iteration32_cashback_withdrawal.TestCashbackWithdrawalSystem" name="test_withdraw_creates_record_and_deducts_balance" time="0.842"><skipped type="pytest.skip" message="Insufficient balance for withdrawal test">/app/backend/tests/test_iteration32_cashback_withdrawal.py:243: Insufficient balance for withdrawal test</skipped></testcase><testcase classname="backend.tests.test_iteration32_cashback_withdrawal.TestCashbackWithdrawalSystem" name="test_withdraw_requires_auth" time="0.079" /><testcase classname="backend.tests.test_iteration32_cashback_withdrawal.TestCashbackWithdrawalSystem" name="test_withdrawal_history_returns_list" time="0.435" /><testcase classname="backend.tests.test_iteration32_cashback_withdrawal.TestCashbackWithdrawalSystem" name="test_withdrawal_history_requires_auth" time="0.039" /><testcase classname="backend.tests.test_iteration32_cashback_withdrawal.TestCashbackWithdrawalSystem" name="test_full_withdrawal_flow" time="0.803" /><testcase classname="backend.tests.test_iteration32_cashback_withdrawal.TestCashbackWithdrawalSystem" name="test_can_withdraw_logic" time="0.810" /><testcase classname="backend.tests.test_iteration32_cashback_withdrawal.TestCashbackBalance" name="test_cashback_balance_endpoint" time="0.429" /><testcase classname="backend.tests.test_iteration32_cashback_withdrawal.TestCashbackBalance" name="test_cashback_history_endpoint" time="0.534" /></testsuite></testsuites>