<?xml version="1.0" encoding="utf-8"?><testsuites name="pytest tests"><testsuite name="pytest" errors="0" failures="0" skipped="0" tests="19" time="16.371" timestamp="2026-01-22T18:56:01.500498+00:00" hostname="agent-env-b0ecaad1-9f05-4ce7-9dc7-e2f017c4b519"><testcase classname="tests.test_audit_features.TestAuth" name="test_enterprise_login" time="1.245" /><testcase classname="tests.test_audit_features.TestAuth" name="test_client_login" time="0.241" /><testcase classname="tests.test_audit_features.TestEnterpriseServicesProducts" name="test_create_service_with_image" time="1.214" /><testcase classname="tests.test_audit_features.TestEnterpriseServicesProducts" name="test_create_product_with_delivery" time="1.084" /><testcase classname="tests.test_audit_features.TestEnterpriseServicesProducts" name="test_delete_service_product" time="1.194" /><testcase classname="tests.test_audit_features.TestEnterpriseLogoUpload" name="test_update_enterprise_logo" time="1.353" /><testcase classname="tests.test_audit_features.TestEnterpriseOffers" name="test_create_promotional_offer" time="1.329" /><testcase classname="tests.test_audit_features.TestEnterpriseJobs" name="test_create_job_posting" time="1.087" /><testcase classname="tests.test_audit_features.TestEnterpriseAgenda" name="test_create_agenda_event" time="0.981" /><testcase classname="tests.test_audit_features.TestEnterpriseTeam" name="test_add_team_member" time="1.319" /><testcase classname="tests.test_audit_features.TestClientDashboard" name="test_get_cashback_balance" time="0.344" /><testcase classname="tests.test_audit_features.TestClientDashboard" name="test_get_client_orders" time="0.453" /><testcase classname="tests.test_audit_features.TestClientDashboard" name="test_get_user_profile" time="0.379" /><testcase classname="tests.test_audit_features.TestServiceProductDetail" name="test_get_service_product_detail" time="0.400" /><testcase classname="tests.test_audit_features.TestServiceProductDetail" name="test_get_enterprise_for_item" time="0.639" /><testcase classname="tests.test_audit_features.TestOrderCreation" name="test_create_order" time="1.197" /><testcase classname="tests.test_audit_features.TestNotifications" name="test_get_notifications" time="0.580" /><testcase classname="tests.test_audit_features.TestNotifications" name="test_mark_all_read" time="0.876" /><testcase classname="tests.test_audit_features.TestImageUpload" name="test_upload_base64_image" time="0.374" /></testsuite></testsuites>