<?xml version="1.0" encoding="utf-8"?><testsuites name="pytest tests"><testsuite name="pytest" errors="0" failures="0" skipped="0" tests="28" time="33.081" timestamp="2026-01-25T01:04:28.387577+00:00" hostname="agent-env-b15102dc-4213-4440-b10c-e37f4b3e1e00"><testcase classname="backend.tests.test_iteration33_accounting.TestAdminAccountingSystem" name="test_accounting_summary_returns_200" time="1.377" /><testcase classname="backend.tests.test_iteration33_accounting.TestAdminAccountingSystem" name="test_accounting_summary_has_revenue_data" time="1.344" /><testcase classname="backend.tests.test_iteration33_accounting.TestAdminAccountingSystem" name="test_accounting_summary_has_commissions_data" time="1.372" /><testcase classname="backend.tests.test_iteration33_accounting.TestAdminAccountingSystem" name="test_accounting_summary_has_cashback_data" time="1.343" /><testcase classname="backend.tests.test_iteration33_accounting.TestAdminAccountingSystem" name="test_accounting_summary_has_orders_data" time="1.357" /><testcase classname="backend.tests.test_iteration33_accounting.TestAdminAccountingSystem" name="test_accounting_summary_has_subscriptions_data" time="1.348" /><testcase classname="backend.tests.test_iteration33_accounting.TestAdminAccountingSystem" name="test_accounting_summary_has_withdrawals_data" time="1.331" /><testcase classname="backend.tests.test_iteration33_accounting.TestAdminAccountingSystem" name="test_accounting_summary_with_date_filter" time="1.378" /><testcase classname="backend.tests.test_iteration33_accounting.TestAdminAccountingSystem" name="test_transactions_returns_200" time="0.920" /><testcase classname="backend.tests.test_iteration33_accounting.TestAdminAccountingSystem" name="test_transactions_returns_list" time="0.894" /><testcase classname="backend.tests.test_iteration33_accounting.TestAdminAccountingSystem" name="test_transactions_structure" time="0.882" /><testcase classname="backend.tests.test_iteration33_accounting.TestAdminAccountingSystem" name="test_transactions_filter_by_order" time="0.435" /><testcase classname="backend.tests.test_iteration33_accounting.TestAdminAccountingSystem" name="test_transactions_filter_by_subscription" time="0.432" /><testcase classname="backend.tests.test_iteration33_accounting.TestAdminAccountingSystem" name="test_transactions_filter_by_cashback" time="0.475" /><testcase classname="backend.tests.test_iteration33_accounting.TestAdminAccountingSystem" name="test_transactions_filter_by_withdrawal" time="0.489" /><testcase classname="backend.tests.test_iteration33_accounting.TestAdminAccountingSystem" name="test_transactions_pagination" time="0.890" /><testcase classname="backend.tests.test_iteration33_accounting.TestAdminAccountingSystem" name="test_export_excel_returns_file" time="2.166" /><testcase classname="backend.tests.test_iteration33_accounting.TestAdminAccountingSystem" name="test_export_pdf_returns_file" time="1.410" /><testcase classname="backend.tests.test_iteration33_accounting.TestAdminAccountingSystem" name="test_export_excel_with_date_filter" time="2.022" /><testcase classname="backend.tests.test_iteration33_accounting.TestAdminAccountingSystem" name="test_export_pdf_with_date_filter" time="1.362" /><testcase classname="backend.tests.test_iteration33_accounting.TestAdminAccountingSystem" name="test_admin_withdrawals_list" time="1.102" /><testcase classname="backend.tests.test_iteration33_accounting.TestAdminAccountingSystem" name="test_admin_withdrawals_filter_by_status" time="2.951" /><testcase classname="backend.tests.test_iteration33_accounting.TestAdminAccountingSystem" name="test_stripe_webhook_endpoint_exists" time="0.260" /><testcase classname="backend.tests.test_iteration33_accounting.TestAdminAccountingSystem" name="test_accounting_requires_admin" time="0.535" /><testcase classname="backend.tests.test_iteration33_accounting.TestAdminAccountingSystem" name="test_export_requires_admin" time="0.638" /><testcase classname="backend.tests.test_iteration33_accounting.TestAccountingDataIntegrity" name="test_revenue_calculation_consistency" time="1.324" /><testcase classname="backend.tests.test_iteration33_accounting.TestAccountingDataIntegrity" name="test_cashback_liability_calculation" time="1.367" /><testcase classname="backend.tests.test_iteration33_accounting.TestAccountingDataIntegrity" name="test_transactions_count_matches_summary" time="1.563" /></testsuite></testsuites>