<?xml version="1.0" encoding="utf-8"?><testsuites name="pytest tests"><testsuite name="pytest" errors="0" failures="0" skipped="0" tests="13" time="11.542" timestamp="2026-01-24T23:19:50.988271+00:00" hostname="agent-env-b15102dc-4213-4440-b10c-e37f4b3e1e00"><testcase classname="backend.tests.test_iteration29_bug_fixes.TestClientLogin" name="test_client_login_success" time="1.260" /><testcase classname="backend.tests.test_iteration29_bug_fixes.TestCoverImageBugFix" name="test_update_profile_with_cover_image" time="0.576" /><testcase classname="backend.tests.test_iteration29_bug_fixes.TestCoverImageBugFix" name="test_public_profile_returns_cover_image" time="1.609" /><testcase classname="backend.tests.test_iteration29_bug_fixes.TestCoverImageBugFix" name="test_cover_image_persists_in_database" time="1.188" /><testcase classname="backend.tests.test_iteration29_bug_fixes.TestNotificationCountersBugFix" name="test_notifications_endpoint_returns_unread_count" time="0.681" /><testcase classname="backend.tests.test_iteration29_bug_fixes.TestNotificationCountersBugFix" name="test_notifications_with_unread_filter" time="0.590" /><testcase classname="backend.tests.test_iteration29_bug_fixes.TestNotificationCountersBugFix" name="test_mark_notification_as_read" time="0.585" /><testcase classname="backend.tests.test_iteration29_bug_fixes.TestNotificationCountersBugFix" name="test_mark_all_notifications_as_read" time="0.859" /><testcase classname="backend.tests.test_iteration29_bug_fixes.TestClientDashboardDataEndpoints" name="test_orders_endpoint_for_badge_count" time="1.472" /><testcase classname="backend.tests.test_iteration29_bug_fixes.TestClientDashboardDataEndpoints" name="test_friend_requests_endpoint_for_badge_count" time="0.911" /><testcase classname="backend.tests.test_iteration29_bug_fixes.TestClientDashboardDataEndpoints" name="test_conversations_endpoint_for_message_badge" time="0.685" /><testcase classname="backend.tests.test_iteration29_bug_fixes.TestClientDashboardDataEndpoints" name="test_cashback_endpoint_for_badge" time="0.479" /><testcase classname="backend.tests.test_iteration29_bug_fixes.TestWebSocketNotificationEndpoint" name="test_notifications_endpoint_structure" time="0.571" /></testsuite></testsuites>