<?xml version="1.0" encoding="utf-8"?><testsuites name="pytest tests"><testsuite name="pytest" errors="0" failures="0" skipped="0" tests="28" time="21.852" timestamp="2026-01-24T23:59:54.840170+00:00" hostname="agent-env-b15102dc-4213-4440-b10c-e37f4b3e1e00"><testcase classname="backend.tests.test_iteration31_subscriptions.TestSubscriptionPlans" name="test_get_subscription_plans" time="1.251" /><testcase classname="backend.tests.test_iteration31_subscriptions.TestStripeCheckout" name="test_checkout_generates_stripe_url[standard]" time="0.850" /><testcase classname="backend.tests.test_iteration31_subscriptions.TestStripeCheckout" name="test_checkout_generates_stripe_url[guest]" time="0.437" /><testcase classname="backend.tests.test_iteration31_subscriptions.TestStripeCheckout" name="test_checkout_generates_stripe_url[premium]" time="0.458" /><testcase classname="backend.tests.test_iteration31_subscriptions.TestStripeCheckout" name="test_checkout_generates_stripe_url[premium_mvp]" time="0.444" /><testcase classname="backend.tests.test_iteration31_subscriptions.TestStripeCheckout" name="test_checkout_generates_stripe_url[opti_starter_2k]" time="0.449" /><testcase classname="backend.tests.test_iteration31_subscriptions.TestStripeCheckout" name="test_checkout_generates_stripe_url[opti_starter_3k]" time="0.472" /><testcase classname="backend.tests.test_iteration31_subscriptions.TestStripeCheckout" name="test_checkout_generates_stripe_url[opti_5k]" time="1.086" /><testcase classname="backend.tests.test_iteration31_subscriptions.TestStripeCheckout" name="test_checkout_generates_stripe_url[opti_10k]" time="0.462" /><testcase classname="backend.tests.test_iteration31_subscriptions.TestStripeCheckout" name="test_checkout_generates_stripe_url[opti_20k]" time="0.445" /><testcase classname="backend.tests.test_iteration31_subscriptions.TestStripeCheckout" name="test_checkout_generates_stripe_url[opti_50k]" time="0.554" /><testcase classname="backend.tests.test_iteration31_subscriptions.TestStripeCheckout" name="test_checkout_invalid_plan" time="0.183" /><testcase classname="backend.tests.test_iteration31_subscriptions.TestAddonCheckout" name="test_addon_checkout_generates_stripe_url[pub_extra]" time="0.659" /><testcase classname="backend.tests.test_iteration31_subscriptions.TestAddonCheckout" name="test_addon_checkout_generates_stripe_url[expert_label]" time="4.654" /><testcase classname="backend.tests.test_iteration31_subscriptions.TestAddonCheckout" name="test_addon_checkout_generates_stripe_url[investors_access]" time="0.470" /><testcase classname="backend.tests.test_iteration31_subscriptions.TestAddonCheckout" name="test_addon_checkout_generates_stripe_url[delivery_24]" time="0.448" /><testcase classname="backend.tests.test_iteration31_subscriptions.TestAddonCheckout" name="test_addon_checkout_generates_stripe_url[local_access]" time="0.501" /><testcase classname="backend.tests.test_iteration31_subscriptions.TestAddonCheckout" name="test_addon_checkout_generates_stripe_url[suppliers_access]" time="0.436" /><testcase classname="backend.tests.test_iteration31_subscriptions.TestAddonCheckout" name="test_addon_checkout_generates_stripe_url[premium_trainings]" time="0.470" /><testcase classname="backend.tests.test_iteration31_subscriptions.TestAddonCheckout" name="test_addon_checkout_invalid_addon" time="0.186" /><testcase classname="backend.tests.test_iteration31_subscriptions.TestEnterpriseSubscriptionStatus" name="test_subscription_status_endpoint" time="0.785" /><testcase classname="backend.tests.test_iteration31_subscriptions.TestEnterpriseSubscriptionStatus" name="test_subscription_status_tier_ads_mapping" time="1.637" /><testcase classname="backend.tests.test_iteration31_subscriptions.TestActivityFeedAlgorithm" name="test_activity_feed_endpoint" time="0.920" /><testcase classname="backend.tests.test_iteration31_subscriptions.TestActivityFeedAlgorithm" name="test_activity_feed_premium_features" time="1.291" /><testcase classname="backend.tests.test_iteration31_subscriptions.TestSubscriptionActivation" name="test_activate_subscription_requires_valid_session" time="0.356" /><testcase classname="backend.tests.test_iteration31_subscriptions.TestFrontendAPIIntegration" name="test_frontend_checkout_flow" time="1.627" /><testcase classname="backend.tests.test_iteration31_subscriptions.TestHealthAndAuth" name="test_health_endpoint" time="0.034" /><testcase classname="backend.tests.test_iteration31_subscriptions.TestHealthAndAuth" name="test_enterprise_login" time="0.202" /></testsuite></testsuites>