<?xml version="1.0" encoding="utf-8"?><testsuites name="pytest tests"><testsuite name="pytest" errors="0" failures="0" skipped="0" tests="20" time="13.385" timestamp="2026-01-22T21:58:57.976581+00:00" hostname="agent-env-6c9a584f-9ef5-439e-a290-f895959474ea"><testcase classname="backend.tests.test_ia_marketing_apis.TestAuthAndSetup" name="test_login_enterprise_user" time="1.245" /><testcase classname="backend.tests.test_ia_marketing_apis.TestInfluencersAPI" name="test_get_influencers_list" time="0.150" /><testcase classname="backend.tests.test_ia_marketing_apis.TestInfluencersAPI" name="test_get_influencers_by_category" time="0.144" /><testcase classname="backend.tests.test_ia_marketing_apis.TestInfluencersAPI" name="test_get_influencer_collaborations" time="0.567" /><testcase classname="backend.tests.test_ia_marketing_apis.TestInfluencersAPI" name="test_create_influencer_collaboration" time="0.666" /><testcase classname="backend.tests.test_ia_marketing_apis.TestIACampaignsAPI" name="test_get_ia_campaigns_list" time="0.581" /><testcase classname="backend.tests.test_ia_marketing_apis.TestIACampaignsAPI" name="test_create_ia_campaign" time="0.369" /><testcase classname="backend.tests.test_ia_marketing_apis.TestIACampaignsAPI" name="test_toggle_ia_campaign" time="1.764" /><testcase classname="backend.tests.test_ia_marketing_apis.TestIACampaignsAPI" name="test_delete_ia_campaign" time="1.101" /><testcase classname="backend.tests.test_ia_marketing_apis.TestClientInvitationsAPI" name="test_get_invitations_list" time="0.568" /><testcase classname="backend.tests.test_ia_marketing_apis.TestClientInvitationsAPI" name="test_create_invitation" time="0.409" /><testcase classname="backend.tests.test_ia_marketing_apis.TestClientInvitationsAPI" name="test_delete_invitation" time="0.730" /><testcase classname="backend.tests.test_ia_marketing_apis.TestCommercialGesturesAPI" name="test_get_commercial_gestures_list" time="0.581" /><testcase classname="backend.tests.test_ia_marketing_apis.TestCommercialGesturesAPI" name="test_create_commercial_gesture" time="0.402" /><testcase classname="backend.tests.test_ia_marketing_apis.TestCommercialGesturesAPI" name="test_toggle_commercial_gesture" time="1.242" /><testcase classname="backend.tests.test_ia_marketing_apis.TestEnterpriseProfileAndLogo" name="test_get_enterprise_profile" time="0.598" /><testcase classname="backend.tests.test_ia_marketing_apis.TestRegistrationFlow" name="test_registration_endpoint_exists" time="0.034" /><testcase classname="backend.tests.test_ia_marketing_apis.TestRegistrationFlow" name="test_registration_with_valid_data" time="0.479" /><testcase classname="backend.tests.test_ia_marketing_apis.TestCleanup" name="test_cleanup_test_campaigns" time="0.931" /><testcase classname="backend.tests.test_ia_marketing_apis.TestCleanup" name="test_cleanup_test_invitations" time="0.732" /></testsuite></testsuites>