<?xml version="1.0" encoding="utf-8"?><testsuites name="pytest tests"><testsuite name="pytest" errors="0" failures="0" skipped="0" tests="8" time="7.336" timestamp="2026-01-26T15:38:32.552067+00:00" hostname="agent-env-98d199df-f301-499c-bfa5-aaf3d301ddfc"><testcase classname="backend.tests.test_iteration36_salonpro_integration.TestSalonProTokenEndpoint" name="test_salonpro_token_returns_valid_response" time="1.531" /><testcase classname="backend.tests.test_iteration36_salonpro_integration.TestSalonProTokenEndpoint" name="test_salonpro_token_requires_enterprise_user" time="0.565" /><testcase classname="backend.tests.test_iteration36_salonpro_integration.TestSalonProTokenEndpoint" name="test_salonpro_token_requires_authentication" time="0.238" /><testcase classname="backend.tests.test_iteration36_salonpro_integration.TestClientAgendaWithBookings" name="test_client_agenda_returns_events_array" time="0.759" /><testcase classname="backend.tests.test_iteration36_salonpro_integration.TestClientAgendaWithBookings" name="test_client_agenda_booking_has_source_field" time="0.758" /><testcase classname="backend.tests.test_iteration36_salonpro_integration.TestClientAgendaWithBookings" name="test_client_agenda_create_personal_event" time="0.684" /><testcase classname="backend.tests.test_iteration36_salonpro_integration.TestOrderWebhookSync" name="test_order_creation_triggers_webhook" time="2.253" /><testcase classname="backend.tests.test_iteration36_salonpro_integration.TestEnterpriseMenuSalonProButton" name="test_menu_item_configuration" time="0.440" /></testsuite></testsuites>