<?xml version="1.0" encoding="utf-8"?><testsuites name="pytest tests"><testsuite name="pytest" errors="0" failures="0" skipped="0" tests="22" time="14.923" timestamp="2026-01-25T01:26:26.398868+00:00" hostname="agent-env-b15102dc-4213-4440-b10c-e37f4b3e1e00"><testcase classname="backend.tests.test_iteration34_real_system.TestHealthAndBasics" name="test_api_health" time="0.054" /><testcase classname="backend.tests.test_iteration34_real_system.TestAuthentication" name="test_admin_login" time="0.238" /><testcase classname="backend.tests.test_iteration34_real_system.TestAuthentication" name="test_client_login" time="0.200" /><testcase classname="backend.tests.test_iteration34_real_system.TestCashbackSystem" name="test_premium_plans_endpoint" time="0.600" /><testcase classname="backend.tests.test_iteration34_real_system.TestCashbackSystem" name="test_cashback_balance_endpoint" time="0.459" /><testcase classname="backend.tests.test_iteration34_real_system.TestCashbackSystem" name="test_cashback_history_endpoint" time="0.567" /><testcase classname="backend.tests.test_iteration34_real_system.TestMessagingSystem" name="test_get_conversations" time="0.673" /><testcase classname="backend.tests.test_iteration34_real_system.TestMessagingSystem" name="test_send_message" time="1.522" /><testcase classname="backend.tests.test_iteration34_real_system.TestFriendRequestSystem" name="test_get_friend_requests" time="0.895" /><testcase classname="backend.tests.test_iteration34_real_system.TestFriendRequestSystem" name="test_get_friends_list" time="0.576" /><testcase classname="backend.tests.test_iteration34_real_system.TestEnterpriseInvitations" name="test_get_enterprise_invitations" time="0.601" /><testcase classname="backend.tests.test_iteration34_real_system.TestEnterpriseInvitations" name="test_create_enterprise_invitation" time="1.070" /><testcase classname="backend.tests.test_iteration34_real_system.TestEnterpriseInvitations" name="test_get_client_invitations" time="0.450" /><testcase classname="backend.tests.test_iteration34_real_system.TestAdminSections" name="test_admin_stats_endpoint" time="0.999" /><testcase classname="backend.tests.test_iteration34_real_system.TestAdminSections" name="test_admin_accounting_summary" time="1.328" /><testcase classname="backend.tests.test_iteration34_real_system.TestAdminSections" name="test_admin_enterprises_list" time="0.475" /><testcase classname="backend.tests.test_iteration34_real_system.TestAdminSections" name="test_admin_orders_list" time="0.570" /><testcase classname="backend.tests.test_iteration34_real_system.TestAccountingRealData" name="test_accounting_transactions" time="0.910" /><testcase classname="backend.tests.test_iteration34_real_system.TestAccountingRealData" name="test_subscriptions_real_data" time="1.327" /><testcase classname="backend.tests.test_iteration34_real_system.TestDataPersistence" name="test_user_data_persistence" time="0.337" /><testcase classname="backend.tests.test_iteration34_real_system.TestDataPersistence" name="test_orders_data_persistence" time="0.452" /><testcase classname="backend.tests.test_iteration34_real_system.TestNotificationsSystem" name="test_get_notifications" time="0.563" /></testsuite></testsuites>