<?xml version="1.0" encoding="utf-8"?><testsuites name="pytest tests"><testsuite name="pytest" errors="0" failures="0" skipped="0" tests="16" time="11.120" timestamp="2026-01-23T12:10:40.085353+00:00" hostname="agent-env-95bf42f7-7702-491e-bc03-d67e1f72cfe0"><testcase classname="backend.tests.test_iteration14_features.TestOnlineStatusAPIs" name="test_heartbeat_endpoint" time="1.541" /><testcase classname="backend.tests.test_iteration14_features.TestOnlineStatusAPIs" name="test_offline_endpoint" time="0.505" /><testcase classname="backend.tests.test_iteration14_features.TestOnlineStatusAPIs" name="test_friends_online_endpoint" time="0.464" /><testcase classname="backend.tests.test_iteration14_features.TestOnlineStatusAPIs" name="test_heartbeat_updates_user_status" time="0.609" /><testcase classname="backend.tests.test_iteration14_features.TestOnlineStatusAPIs" name="test_heartbeat_requires_auth" time="0.246" /><testcase classname="backend.tests.test_iteration14_features.TestOnlineStatusAPIs" name="test_offline_requires_auth" time="0.245" /><testcase classname="backend.tests.test_iteration14_features.TestOnlineStatusAPIs" name="test_friends_online_requires_auth" time="0.242" /><testcase classname="backend.tests.test_iteration14_features.TestTrainingReviewsAPIs" name="test_get_training_reviews_endpoint" time="0.504" /><testcase classname="backend.tests.test_iteration14_features.TestTrainingReviewsAPIs" name="test_create_review_requires_completed_enrollment" time="0.615" /><testcase classname="backend.tests.test_iteration14_features.TestTrainingReviewsAPIs" name="test_create_review_requires_auth" time="0.253" /><testcase classname="backend.tests.test_iteration14_features.TestTrainingReviewsAPIs" name="test_get_reviews_public_access" time="0.490" /><testcase classname="backend.tests.test_iteration14_features.TestTrainingTypeMigration" name="test_trainings_have_training_type" time="0.147" /><testcase classname="backend.tests.test_iteration14_features.TestClientTrainingsWithReviewStatus" name="test_client_trainings_endpoint" time="1.334" /><testcase classname="backend.tests.test_iteration14_features.TestClientTrainingsWithReviewStatus" name="test_client_trainings_filter_by_status" time="1.599" /><testcase classname="backend.tests.test_iteration14_features.TestClientTrainingsWithReviewStatus" name="test_completed_trainings_have_has_reviewed" time="0.678" /><testcase classname="backend.tests.test_iteration14_features.TestReviewWorkflow" name="test_review_workflow_for_completed_training" time="1.577" /></testsuite></testsuites>