<?xml version="1.0" encoding="utf-8"?><testsuites name="pytest tests"><testsuite name="pytest" errors="0" failures="1" skipped="0" tests="21" time="65.336" timestamp="2026-02-06T01:32:44.503515+00:00" hostname="agent-env-dae27d60-ccbf-44dd-b3bd-634b2a4f05e4"><testcase classname="backend.tests.test_iteration42_pub_ia.TestMediaPubAPI" name="test_get_templates" time="0.061" /><testcase classname="backend.tests.test_iteration42_pub_ia.TestMediaPubAPI" name="test_get_template_detail" time="0.035" /><testcase classname="backend.tests.test_iteration42_pub_ia.TestMediaPubAPI" name="test_get_template_not_found" time="0.040" /><testcase classname="backend.tests.test_iteration42_pub_ia.TestMediaPubAPI" name="test_create_order" time="1.155" /><testcase classname="backend.tests.test_iteration42_pub_ia.TestMediaPubAPI" name="test_create_sur_mesure_order" time="15.875" /><testcase classname="backend.tests.test_iteration42_pub_ia.TestMediaPubAPI" name="test_get_order_detail" time="28.464" /><testcase classname="backend.tests.test_iteration42_pub_ia.TestMediaPubAPI" name="test_get_enterprise_orders" time="0.163" /><testcase classname="backend.tests.test_iteration42_pub_ia.TestMediaPubAPI" name="test_admin_get_all_orders" time="0.698" /><testcase classname="backend.tests.test_iteration42_pub_ia.TestVideoPubAPI" name="test_get_video_templates" time="0.034" /><testcase classname="backend.tests.test_iteration42_pub_ia.TestVideoPubAPI" name="test_get_video_template_detail" time="0.036" /><testcase classname="backend.tests.test_iteration42_pub_ia.TestVideoPubAPI" name="test_create_video_order" time="0.147" /><testcase classname="backend.tests.test_iteration42_pub_ia.TestVideoPubAPI" name="test_get_video_order_detail" time="0.288" /><testcase classname="backend.tests.test_iteration42_pub_ia.TestVideoPubAPI" name="test_get_enterprise_video_orders" time="0.141" /><testcase classname="backend.tests.test_iteration42_pub_ia.TestVideoPubAPI" name="test_admin_get_video_orders" time="0.687" /><testcase classname="backend.tests.test_iteration42_pub_ia.TestStripePaymentIntegration" name="test_create_media_payment_session" time="15.781" /><testcase classname="backend.tests.test_iteration42_pub_ia.TestStripePaymentIntegration" name="test_create_video_payment_session" time="0.870" /><testcase classname="backend.tests.test_iteration42_pub_ia.TestAuthentication" name="test_enterprise_login" time="0.148" /><testcase classname="backend.tests.test_iteration42_pub_ia.TestAuthentication" name="test_admin_login" time="0.363" /><testcase classname="backend.tests.test_iteration42_pub_ia.TestAuthentication" name="test_client_login" time="0.141" /><testcase classname="backend.tests.test_iteration42_pub_ia.TestHealthAndBasics" name="test_api_health" time="0.058" /><testcase classname="backend.tests.test_iteration42_pub_ia.TestHealthAndBasics" name="test_frontend_loads" time="0.038"><failure message="assert 'Titelli' in '&lt;!doctype html&gt;\n&lt;html lang=&quot;en&quot;&gt;\n    &lt;head&gt;\n        &lt;meta charset=&quot;utf-8&quot; /&gt;\n        &lt;meta name=&quot;viewport&quot; content=&quot;width=device-width, initial-scale=1&quot; /&gt;\n        &lt;meta name=&quot;theme-color&quot; content=&quot;#000000&quot; /&gt;\n        &lt;meta name=&quot;description&quot; content=&quot;A product of emergent.sh&quot; /&gt;\n        &lt;!--\n        manifest.json provides metadata used when your web app is installed on a\n        user\'s mobile device or desktop. See https://developers.google.com/web/fundamentals/web-app-manifest/\n        --&gt;\n        &lt;!--\n        Notice the use of  in the tags above.\n        It will be replaced with the URL of the `public` folder during the build.\n        Only files inside the `public` folder can be referenced from the HTML.\n\n        Unlike &quot;/favicon.ico&quot; or &quot;favicon.ico&quot;, &quot;/favicon.ico&quot; will\n        work correctly both with client-side routing and a non-root public URL.\n        Learn how to configure a non-root public URL by running `npm run build`.\n        --&gt;\n        &lt;title&gt;Emergent | Fullstack App&lt;/title&gt;\n        &lt;script src=&quot;https://assets.emergent.sh/scripts/emergent-main.js&quot;&gt;&lt;/script&gt;\n        &lt;!--\n        These two scripts have been added for the Visual Edits, pleas...t_config startSessionRecording stopSessionRecording sessionRecordingStarted captureException loadToolbar get_property getSessionProperty Es $s createPersonProfile Is opt_in_capturing opt_out_capturing has_opted_in_capturing has_opted_out_capturing clear_opt_in_out_capturing Ss debug xs getPageViewId captureTraceFeedback captureTraceMetric&quot;.split(\n                                        &quot; &quot;,\n                                    ),\n                                n = 0;\n                            n &lt; o.length;\n                            n++\n                        )\n                            g(u, o[n]);\n                        e._i.push([i, s, a]);\n                    }),\n                    (e.__SV = 1));\n            })(document, window.posthog || []);\n            posthog.init(&quot;phc_xAvL2Iq4tFmANRE7kzbKwaSqp1HJjN7x48s3vr0CMjs&quot;, {\n                api_host: &quot;https://us.i.posthog.com&quot;,\n                person_profiles: &quot;identified_only&quot;, // or \'always\' to create profiles for anonymous users as well,\n                session_recording: {\n                    recordCrossOriginIframes: true,\n                },\n            });\n        &lt;/script&gt;\n    &lt;/body&gt;\n&lt;/html&gt;\n'&#10; +  where '&lt;!doctype html&gt;\n&lt;html lang=&quot;en&quot;&gt;\n    &lt;head&gt;\n        &lt;meta charset=&quot;utf-8&quot; /&gt;\n        &lt;meta name=&quot;viewport&quot; content=&quot;width=device-width, initial-scale=1&quot; /&gt;\n        &lt;meta name=&quot;theme-color&quot; content=&quot;#000000&quot; /&gt;\n        &lt;meta name=&quot;description&quot; content=&quot;A product of emergent.sh&quot; /&gt;\n        &lt;!--\n        manifest.json provides metadata used when your web app is installed on a\n        user\'s mobile device or desktop. See https://developers.google.com/web/fundamentals/web-app-manifest/\n        --&gt;\n        &lt;!--\n        Notice the use of  in the tags above.\n        It will be replaced with the URL of the `public` folder during the build.\n        Only files inside the `public` folder can be referenced from the HTML.\n\n        Unlike &quot;/favicon.ico&quot; or &quot;favicon.ico&quot;, &quot;/favicon.ico&quot; will\n        work correctly both with client-side routing and a non-root public URL.\n        Learn how to configure a non-root public URL by running `npm run build`.\n        --&gt;\n        &lt;title&gt;Emergent | Fullstack App&lt;/title&gt;\n        &lt;script src=&quot;https://assets.emergent.sh/scripts/emergent-main.js&quot;&gt;&lt;/script&gt;\n        &lt;!--\n        These two scripts have been added for the Visual Edits, pleas...t_config startSessionRecording stopSessionRecording sessionRecordingStarted captureException loadToolbar get_property getSessionProperty Es $s createPersonProfile Is opt_in_capturing opt_out_capturing has_opted_in_capturing has_opted_out_capturing clear_opt_in_out_capturing Ss debug xs getPageViewId captureTraceFeedback captureTraceMetric&quot;.split(\n                                        &quot; &quot;,\n                                    ),\n                                n = 0;\n                            n &lt; o.length;\n                            n++\n                        )\n                            g(u, o[n]);\n                        e._i.push([i, s, a]);\n                    }),\n                    (e.__SV = 1));\n            })(document, window.posthog || []);\n            posthog.init(&quot;phc_xAvL2Iq4tFmANRE7kzbKwaSqp1HJjN7x48s3vr0CMjs&quot;, {\n                api_host: &quot;https://us.i.posthog.com&quot;,\n                person_profiles: &quot;identified_only&quot;, // or \'always\' to create profiles for anonymous users as well,\n                session_recording: {\n                    recordCrossOriginIframes: true,\n                },\n            });\n        &lt;/script&gt;\n    &lt;/body&gt;\n&lt;/html&gt;\n' = &lt;Response [200]&gt;.text">backend/tests/test_iteration42_pub_ia.py:464: in test_frontend_loads
    assert "Titelli" in response.text
E   assert 'Titelli' in '&lt;!doctype html&gt;\n&lt;html lang="en"&gt;\n    &lt;head&gt;\n        &lt;meta charset="utf-8" /&gt;\n        &lt;meta name="viewport" content="width=device-width, initial-scale=1" /&gt;\n        &lt;meta name="theme-color" content="#000000" /&gt;\n        &lt;meta name="description" content="A product of emergent.sh" /&gt;\n        &lt;!--\n        manifest.json provides metadata used when your web app is installed on a\n        user\'s mobile device or desktop. See https://developers.google.com/web/fundamentals/web-app-manifest/\n        --&gt;\n        &lt;!--\n        Notice the use of  in the tags above.\n        It will be replaced with the URL of the `public` folder during the build.\n        Only files inside the `public` folder can be referenced from the HTML.\n\n        Unlike "/favicon.ico" or "favicon.ico", "/favicon.ico" will\n        work correctly both with client-side routing and a non-root public URL.\n        Learn how to configure a non-root public URL by running `npm run build`.\n        --&gt;\n        &lt;title&gt;Emergent | Fullstack App&lt;/title&gt;\n        &lt;script src="https://assets.emergent.sh/scripts/emergent-main.js"&gt;&lt;/script&gt;\n        &lt;!--\n        These two scripts have been added for the Visual Edits, pleas...t_config startSessionRecording stopSessionRecording sessionRecordingStarted captureException loadToolbar get_property getSessionProperty Es $s createPersonProfile Is opt_in_capturing opt_out_capturing has_opted_in_capturing has_opted_out_capturing clear_opt_in_out_capturing Ss debug xs getPageViewId captureTraceFeedback captureTraceMetric".split(\n                                        " ",\n                                    ),\n                                n = 0;\n                            n &lt; o.length;\n                            n++\n                        )\n                            g(u, o[n]);\n                        e._i.push([i, s, a]);\n                    }),\n                    (e.__SV = 1));\n            })(document, window.posthog || []);\n            posthog.init("phc_xAvL2Iq4tFmANRE7kzbKwaSqp1HJjN7x48s3vr0CMjs", {\n                api_host: "https://us.i.posthog.com",\n                person_profiles: "identified_only", // or \'always\' to create profiles for anonymous users as well,\n                session_recording: {\n                    recordCrossOriginIframes: true,\n                },\n            });\n        &lt;/script&gt;\n    &lt;/body&gt;\n&lt;/html&gt;\n'
E    +  where '&lt;!doctype html&gt;\n&lt;html lang="en"&gt;\n    &lt;head&gt;\n        &lt;meta charset="utf-8" /&gt;\n        &lt;meta name="viewport" content="width=device-width, initial-scale=1" /&gt;\n        &lt;meta name="theme-color" content="#000000" /&gt;\n        &lt;meta name="description" content="A product of emergent.sh" /&gt;\n        &lt;!--\n        manifest.json provides metadata used when your web app is installed on a\n        user\'s mobile device or desktop. See https://developers.google.com/web/fundamentals/web-app-manifest/\n        --&gt;\n        &lt;!--\n        Notice the use of  in the tags above.\n        It will be replaced with the URL of the `public` folder during the build.\n        Only files inside the `public` folder can be referenced from the HTML.\n\n        Unlike "/favicon.ico" or "favicon.ico", "/favicon.ico" will\n        work correctly both with client-side routing and a non-root public URL.\n        Learn how to configure a non-root public URL by running `npm run build`.\n        --&gt;\n        &lt;title&gt;Emergent | Fullstack App&lt;/title&gt;\n        &lt;script src="https://assets.emergent.sh/scripts/emergent-main.js"&gt;&lt;/script&gt;\n        &lt;!--\n        These two scripts have been added for the Visual Edits, pleas...t_config startSessionRecording stopSessionRecording sessionRecordingStarted captureException loadToolbar get_property getSessionProperty Es $s createPersonProfile Is opt_in_capturing opt_out_capturing has_opted_in_capturing has_opted_out_capturing clear_opt_in_out_capturing Ss debug xs getPageViewId captureTraceFeedback captureTraceMetric".split(\n                                        " ",\n                                    ),\n                                n = 0;\n                            n &lt; o.length;\n                            n++\n                        )\n                            g(u, o[n]);\n                        e._i.push([i, s, a]);\n                    }),\n                    (e.__SV = 1));\n            })(document, window.posthog || []);\n            posthog.init("phc_xAvL2Iq4tFmANRE7kzbKwaSqp1HJjN7x48s3vr0CMjs", {\n                api_host: "https://us.i.posthog.com",\n                person_profiles: "identified_only", // or \'always\' to create profiles for anonymous users as well,\n                session_recording: {\n                    recordCrossOriginIframes: true,\n                },\n            });\n        &lt;/script&gt;\n    &lt;/body&gt;\n&lt;/html&gt;\n' = &lt;Response [200]&gt;.text</failure></testcase></testsuite></testsuites>