<?xml version="1.0" encoding="utf-8"?><testsuites name="pytest tests"><testsuite name="pytest" errors="0" failures="0" skipped="0" tests="17" time="46.555" timestamp="2026-02-05T22:26:35.509374+00:00" hostname="agent-env-2913dad8-5f4f-4884-bc38-a72ccaee733d"><testcase classname="backend.tests.test_media_pub_feature.TestMediaPubTemplates" name="test_get_all_templates" time="0.058" /><testcase classname="backend.tests.test_media_pub_feature.TestMediaPubTemplates" name="test_templates_have_required_categories" time="0.045" /><testcase classname="backend.tests.test_media_pub_feature.TestMediaPubTemplates" name="test_filter_templates_by_category" time="0.044" /><testcase classname="backend.tests.test_media_pub_feature.TestMediaPubTemplates" name="test_get_template_detail" time="0.076" /><testcase classname="backend.tests.test_media_pub_feature.TestMediaPubTemplates" name="test_get_nonexistent_template" time="0.035" /><testcase classname="backend.tests.test_media_pub_feature.TestMediaPubOrders" name="test_create_order_standard_template" time="1.200" /><testcase classname="backend.tests.test_media_pub_feature.TestMediaPubOrders" name="test_create_order_sur_mesure" time="13.520" /><testcase classname="backend.tests.test_media_pub_feature.TestMediaPubOrders" name="test_create_order_invalid_template" time="0.056" /><testcase classname="backend.tests.test_media_pub_feature.TestMediaPubOrders" name="test_get_order_detail" time="0.145" /><testcase classname="backend.tests.test_media_pub_feature.TestMediaPubOrders" name="test_get_nonexistent_order" time="0.144" /><testcase classname="backend.tests.test_media_pub_feature.TestMediaPubOrders" name="test_get_enterprise_orders" time="0.153" /><testcase classname="backend.tests.test_media_pub_feature.TestMediaPubAdminRoutes" name="test_admin_get_all_orders" time="0.713" /><testcase classname="backend.tests.test_media_pub_feature.TestMediaPubAdminRoutes" name="test_admin_filter_by_status" time="0.704" /><testcase classname="backend.tests.test_media_pub_feature.TestMediaPubDataValidation" name="test_order_with_minimal_data" time="0.147" /><testcase classname="backend.tests.test_media_pub_feature.TestMediaPubDataValidation" name="test_order_with_custom_colors" time="29.334" /><testcase classname="backend.tests.test_media_pub_feature.TestMediaPubDataValidation" name="test_templates_have_valid_prices" time="0.063" /><testcase classname="backend.tests.test_media_pub_feature.TestMediaPubDataValidation" name="test_templates_have_valid_preview_urls" time="0.035" /></testsuite></testsuites>