<?xml version="1.0" encoding="utf-8"?><testsuites name="pytest tests"><testsuite name="pytest" errors="0" failures="0" skipped="0" tests="33" time="24.121" timestamp="2026-01-23T13:09:43.561777+00:00" hostname="agent-env-95bf42f7-7702-491e-bc03-d67e1f72cfe0"><testcase classname="backend.tests.test_iteration15_audit.TestAuthentication" name="test_client_login" time="0.263" /><testcase classname="backend.tests.test_iteration15_audit.TestAuthentication" name="test_enterprise_login" time="0.205" /><testcase classname="backend.tests.test_iteration15_audit.TestJobsAPI" name="test_list_all_jobs_public" time="0.936" /><testcase classname="backend.tests.test_iteration15_audit.TestJobsAPI" name="test_enterprise_list_jobs" time="1.021" /><testcase classname="backend.tests.test_iteration15_audit.TestJobsAPI" name="test_create_job" time="1.868" /><testcase classname="backend.tests.test_iteration15_audit.TestJobsAPI" name="test_get_job_detail" time="2.679" /><testcase classname="backend.tests.test_iteration15_audit.TestJobsAPI" name="test_job_application_flow" time="3.441" /><testcase classname="backend.tests.test_iteration15_audit.TestTrainingsAPI" name="test_list_all_trainings_public" time="0.146" /><testcase classname="backend.tests.test_iteration15_audit.TestTrainingsAPI" name="test_enterprise_list_trainings" time="0.585" /><testcase classname="backend.tests.test_iteration15_audit.TestTrainingsAPI" name="test_create_training" time="0.590" /><testcase classname="backend.tests.test_iteration15_audit.TestTrainingsAPI" name="test_get_training_detail" time="1.087" /><testcase classname="backend.tests.test_iteration15_audit.TestTrainingsAPI" name="test_client_trainings" time="1.344" /><testcase classname="backend.tests.test_iteration15_audit.TestServicesProductsAPI" name="test_list_services_products_public" time="0.268" /><testcase classname="backend.tests.test_iteration15_audit.TestServicesProductsAPI" name="test_list_services_only" time="0.257" /><testcase classname="backend.tests.test_iteration15_audit.TestServicesProductsAPI" name="test_list_products_only" time="0.271" /><testcase classname="backend.tests.test_iteration15_audit.TestServicesProductsAPI" name="test_create_service" time="1.055" /><testcase classname="backend.tests.test_iteration15_audit.TestServicesProductsAPI" name="test_create_product" time="1.067" /><testcase classname="backend.tests.test_iteration15_audit.TestEnterprisesAPI" name="test_list_enterprises_public" time="0.257" /><testcase classname="backend.tests.test_iteration15_audit.TestEnterprisesAPI" name="test_get_enterprise_detail" time="0.629" /><testcase classname="backend.tests.test_iteration15_audit.TestEnterprisesAPI" name="test_filter_certified_enterprises" time="0.269" /><testcase classname="backend.tests.test_iteration15_audit.TestEnterprisesAPI" name="test_filter_premium_enterprises" time="0.258" /><testcase classname="backend.tests.test_iteration15_audit.TestEnterpriseApplicationsAPI" name="test_get_enterprise_applications" time="0.908" /><testcase classname="backend.tests.test_iteration15_audit.TestClientDashboardAPI" name="test_get_client_profile" time="0.793" /><testcase classname="backend.tests.test_iteration15_audit.TestClientDashboardAPI" name="test_get_cashback_balance" time="1.536" /><testcase classname="backend.tests.test_iteration15_audit.TestClientDashboardAPI" name="test_get_orders" time="0.460" /><testcase classname="backend.tests.test_iteration15_audit.TestClientDashboardAPI" name="test_get_client_documents" time="0.499" /><testcase classname="backend.tests.test_iteration15_audit.TestClientDashboardAPI" name="test_get_client_job_applications" time="0.611" /><testcase classname="backend.tests.test_iteration15_audit.TestFeaturedAPI" name="test_get_tendances" time="0.156" /><testcase classname="backend.tests.test_iteration15_audit.TestFeaturedAPI" name="test_get_guests" time="0.149" /><testcase classname="backend.tests.test_iteration15_audit.TestFeaturedAPI" name="test_get_offres" time="0.147" /><testcase classname="backend.tests.test_iteration15_audit.TestFeaturedAPI" name="test_get_premium" time="0.144" /><testcase classname="backend.tests.test_iteration15_audit.TestCategoriesAPI" name="test_get_product_categories" time="0.037" /><testcase classname="backend.tests.test_iteration15_audit.TestCategoriesAPI" name="test_get_service_categories" time="0.036" /></testsuite></testsuites>