<?xml version="1.0" encoding="utf-8"?><testsuites name="pytest tests"><testsuite name="pytest" errors="0" failures="1" skipped="0" tests="32" time="56.102" timestamp="2026-02-06T02:10:51.811066+00:00" hostname="agent-env-225fc978-662d-4ea8-a431-2f93c41767d0"><testcase classname="backend.tests.test_iteration43_full_audit.TestAuthFlow" name="test_health_check" time="0.053" /><testcase classname="backend.tests.test_iteration43_full_audit.TestAuthFlow" name="test_admin_login" time="1.369" /><testcase classname="backend.tests.test_iteration43_full_audit.TestAuthFlow" name="test_client_login" time="0.183" /><testcase classname="backend.tests.test_iteration43_full_audit.TestAuthFlow" name="test_enterprise_login" time="0.147" /><testcase classname="backend.tests.test_iteration43_full_audit.TestAuthFlow" name="test_me_endpoint" time="0.345" /><testcase classname="backend.tests.test_iteration43_full_audit.TestAuthFlow" name="test_invalid_login" time="0.153" /><testcase classname="backend.tests.test_iteration43_full_audit.TestEnterpriseDashboard" name="test_get_enterprise_profile" time="1.101" /><testcase classname="backend.tests.test_iteration43_full_audit.TestEnterpriseDashboard" name="test_get_enterprise_by_id" time="0.512" /><testcase classname="backend.tests.test_iteration43_full_audit.TestEnterpriseDashboard" name="test_get_services_products" time="0.405" /><testcase classname="backend.tests.test_iteration43_full_audit.TestMediaPubIA" name="test_get_templates" time="0.036" /><testcase classname="backend.tests.test_iteration43_full_audit.TestMediaPubIA" name="test_get_template_detail" time="0.079" /><testcase classname="backend.tests.test_iteration43_full_audit.TestMediaPubIA" name="test_create_media_pub_order" time="0.173" /><testcase classname="backend.tests.test_iteration43_full_audit.TestMediaPubIA" name="test_get_order_status" time="28.925" /><testcase classname="backend.tests.test_iteration43_full_audit.TestVideoPubIA" name="test_get_video_templates" time="0.056" /><testcase classname="backend.tests.test_iteration43_full_audit.TestVideoPubIA" name="test_get_video_template_detail" time="0.084" /><testcase classname="backend.tests.test_iteration43_full_audit.TestVideoPubIA" name="test_create_video_order" time="0.163" /><testcase classname="backend.tests.test_iteration43_full_audit.TestStripePayment" name="test_create_media_payment_session" time="14.399" /><testcase classname="backend.tests.test_iteration43_full_audit.TestStripePayment" name="test_create_video_payment_session" time="0.852" /><testcase classname="backend.tests.test_iteration43_full_audit.TestGamification" name="test_get_gamification_profile" time="1.419" /><testcase classname="backend.tests.test_iteration43_full_audit.TestGamification" name="test_get_user_profile_with_xp" time="0.312" /><testcase classname="backend.tests.test_iteration43_full_audit.TestCashback" name="test_get_cashback_balance" time="0.317" /><testcase classname="backend.tests.test_iteration43_full_audit.TestCashback" name="test_get_cashback_history" time="0.527" /><testcase classname="backend.tests.test_iteration43_full_audit.TestAdminDashboard" name="test_get_admin_stats" time="1.182" /><testcase classname="backend.tests.test_iteration43_full_audit.TestAdminDashboard" name="test_get_admin_users" time="0.838" /><testcase classname="backend.tests.test_iteration43_full_audit.TestAdminDashboard" name="test_get_media_pub_admin_orders" time="1.099" /><testcase classname="backend.tests.test_iteration43_full_audit.TestSubscriptions" name="test_get_subscription_plans" time="0.106"><failure message="TypeError: unhashable type: 'slice'">backend/tests/test_iteration43_full_audit.py:419: in test_get_subscription_plans
    for plan in data["plans"][:3]:
                ^^^^^^^^^^^^^^^^^
E   TypeError: unhashable type: 'slice'</failure></testcase><testcase classname="backend.tests.test_iteration43_full_audit.TestSubscriptions" name="test_get_user_subscription" time="0.403" /><testcase classname="backend.tests.test_iteration43_full_audit.TestSuccessPages" name="test_media_pub_success_route" time="0.037" /><testcase classname="backend.tests.test_iteration43_full_audit.TestSuccessPages" name="test_video_pub_success_route" time="0.038" /><testcase classname="backend.tests.test_iteration43_full_audit.TestSuccessPages" name="test_payment_success_route" time="0.034" /><testcase classname="backend.tests.test_iteration43_full_audit.TestEnterpriseOrders" name="test_get_enterprise_media_orders" time="0.294" /><testcase classname="backend.tests.test_iteration43_full_audit.TestEnterpriseOrders" name="test_get_enterprise_video_orders" time="0.323" /></testsuite></testsuites>