<?xml version="1.0" encoding="utf-8"?><testsuites name="pytest tests"><testsuite name="pytest" errors="0" failures="0" skipped="0" tests="24" time="12.224" timestamp="2026-01-23T20:14:55.393036+00:00" hostname="agent-env-989d871b-57e7-4d3e-83d2-9a2af39e9442"><testcase classname="backend.tests.test_iteration23_enterprise_features.TestEnterpriseFeatures" name="test_get_subscription_status" time="1.853" /><testcase classname="backend.tests.test_iteration23_enterprise_features.TestEnterpriseFeatures" name="test_subscription_status_has_plan_name" time="0.593" /><testcase classname="backend.tests.test_iteration23_enterprise_features.TestEnterpriseFeatures" name="test_get_favorites_empty_or_list" time="0.371" /><testcase classname="backend.tests.test_iteration23_enterprise_features.TestEnterpriseFeatures" name="test_add_and_remove_favorite" time="1.636" /><testcase classname="backend.tests.test_iteration23_enterprise_features.TestEnterpriseFeatures" name="test_remove_nonexistent_favorite" time="0.372" /><testcase classname="backend.tests.test_iteration23_enterprise_features.TestEnterpriseFeatures" name="test_create_activity_post" time="0.383" /><testcase classname="backend.tests.test_iteration23_enterprise_features.TestEnterpriseFeatures" name="test_create_offer_activity_post" time="0.385" /><testcase classname="backend.tests.test_iteration23_enterprise_features.TestEnterpriseFeatures" name="test_create_event_activity_post" time="0.417" /><testcase classname="backend.tests.test_iteration23_enterprise_features.TestEnterpriseFeatures" name="test_get_own_activity_posts" time="0.368" /><testcase classname="backend.tests.test_iteration23_enterprise_features.TestEnterpriseFeatures" name="test_get_activity_feed" time="0.696" /><testcase classname="backend.tests.test_iteration23_enterprise_features.TestEnterpriseFeatures" name="test_activity_feed_tier_based_features" time="0.698" /><testcase classname="backend.tests.test_iteration23_enterprise_features.TestEnterpriseFeatures" name="test_get_suggestions" time="0.694" /><testcase classname="backend.tests.test_iteration23_enterprise_features.TestEnterpriseFeatures" name="test_like_activity_post" time="1.602" /><testcase classname="backend.tests.test_iteration23_enterprise_features.TestEnterpriseFeatures" name="test_subscription_checkout_premium" time="0.667" /><testcase classname="backend.tests.test_iteration23_enterprise_features.TestEnterpriseFeatures" name="test_subscription_checkout_invalid_plan" time="0.168" /><testcase classname="backend.tests.test_iteration23_enterprise_features.TestEnterpriseFeatures" name="test_subscription_checkout_standard" time="0.565" /><testcase classname="backend.tests.test_iteration23_enterprise_features.TestEnterpriseFeatures" name="test_subscription_checkout_guest" time="0.426" /><testcase classname="backend.tests.test_iteration23_enterprise_features.TestEnterpriseSubscriptionTiers" name="test_get_subscription_plans" time="0.038" /><testcase classname="backend.tests.test_iteration23_enterprise_features.TestEnterpriseSubscriptionTiers" name="test_ads_limit_by_tier" time="0.000" /><testcase classname="backend.tests.test_iteration23_enterprise_features.TestEnterpriseWithoutAuth" name="test_subscription_status_requires_auth" time="0.039" /><testcase classname="backend.tests.test_iteration23_enterprise_features.TestEnterpriseWithoutAuth" name="test_favorites_requires_auth" time="0.043" /><testcase classname="backend.tests.test_iteration23_enterprise_features.TestEnterpriseWithoutAuth" name="test_activity_post_requires_auth" time="0.036" /><testcase classname="backend.tests.test_iteration23_enterprise_features.TestEnterpriseWithoutAuth" name="test_activity_feed_requires_auth" time="0.036" /><testcase classname="backend.tests.test_iteration23_enterprise_features.TestEnterpriseWithoutAuth" name="test_suggestions_requires_auth" time="0.035" /></testsuite></testsuites>