<?xml version="1.0" encoding="utf-8"?><testsuites name="pytest tests"><testsuite name="pytest" errors="0" failures="0" skipped="0" tests="10" time="8.369" timestamp="2026-01-23T19:59:30.099119+00:00" hostname="agent-env-989d871b-57e7-4d3e-83d2-9a2af39e9442"><testcase classname="backend.tests.test_iteration22_new_features.TestCertifications" name="test_get_available_certifications" time="0.073" /><testcase classname="backend.tests.test_iteration22_new_features.TestCertifications" name="test_apply_for_certification_creates_stripe_checkout" time="1.115" /><testcase classname="backend.tests.test_iteration22_new_features.TestCertifications" name="test_get_enterprise_certifications" time="0.585" /><testcase classname="backend.tests.test_iteration22_new_features.TestExpertServices" name="test_get_expert_services" time="0.036" /><testcase classname="backend.tests.test_iteration22_new_features.TestExpertServices" name="test_book_expert_service_creates_stripe_checkout" time="0.987" /><testcase classname="backend.tests.test_iteration22_new_features.TestClientInvoices" name="test_get_client_invoices" time="0.706" /><testcase classname="backend.tests.test_iteration22_new_features.TestActivityPost" name="test_create_activity_post" time="0.847" /><testcase classname="backend.tests.test_iteration22_new_features.TestOrderFees" name="test_order_includes_fees" time="1.724" /><testcase classname="backend.tests.test_iteration22_new_features.TestInvestmentCommission" name="test_investment_includes_12pct_commission" time="0.955" /><testcase classname="backend.tests.test_iteration22_new_features.TestWishlistBugFix" name="test_wishlist_add_with_correct_token" time="1.284" /></testsuite></testsuites>