<?xml version="1.0" encoding="utf-8"?><testsuites name="pytest tests"><testsuite name="pytest" errors="0" failures="0" skipped="1" tests="20" time="14.653" timestamp="2026-01-23T01:46:17.793832+00:00" hostname="agent-env-4abd5a79-bd71-4724-951a-d8386af35291"><testcase classname="backend.tests.test_p0_features.TestJobFiltersAndListing" name="test_list_all_jobs" time="1.487" /><testcase classname="backend.tests.test_p0_features.TestJobFiltersAndListing" name="test_list_jobs_with_type_filter" time="1.105" /><testcase classname="backend.tests.test_p0_features.TestJobFiltersAndListing" name="test_list_jobs_with_location_filter" time="0.475" /><testcase classname="backend.tests.test_p0_features.TestJobFiltersAndListing" name="test_get_job_detail" time="0.862" /><testcase classname="backend.tests.test_p0_features.TestJobApplicationSystem" name="test_apply_to_job_requires_auth" time="0.535" /><testcase classname="backend.tests.test_p0_features.TestJobApplicationSystem" name="test_apply_to_job_with_auth" time="1.063" /><testcase classname="backend.tests.test_p0_features.TestJobApplicationSystem" name="test_get_my_applications" time="0.604" /><testcase classname="backend.tests.test_p0_features.TestEnterpriseApplicationsManagement" name="test_get_enterprise_applications" time="0.899" /><testcase classname="backend.tests.test_p0_features.TestEnterpriseApplicationsManagement" name="test_update_application_status_requires_auth" time="0.034" /><testcase classname="backend.tests.test_p0_features.TestEnterpriseApplicationsManagement" name="test_update_application_status" time="1.709" /><testcase classname="backend.tests.test_p0_features.TestEnterpriseApplicationsManagement" name="test_update_application_invalid_status" time="1.376" /><testcase classname="backend.tests.test_p0_features.TestBoostedAdvertisingAlgorithm" name="test_get_public_advertising" time="0.167" /><testcase classname="backend.tests.test_p0_features.TestBoostedAdvertisingAlgorithm" name="test_get_public_advertising_with_placement" time="0.150" /><testcase classname="backend.tests.test_p0_features.TestBoostedAdvertisingAlgorithm" name="test_get_public_advertising_with_limit" time="0.144" /><testcase classname="backend.tests.test_p0_features.TestBoostedAdvertisingAlgorithm" name="test_track_ad_click" time="0.149"><skipped type="pytest.skip" message="No ads available to test click tracking">/app/backend/tests/test_p0_features.py:306: No ads available to test click tracking</skipped></testcase><testcase classname="backend.tests.test_p0_features.TestBoostedAdvertisingAlgorithm" name="test_track_click_invalid_ad" time="0.141" /><testcase classname="backend.tests.test_p0_features.TestEnterpriseJobManagement" name="test_list_enterprise_jobs" time="0.792" /><testcase classname="backend.tests.test_p0_features.TestEnterpriseJobManagement" name="test_create_job" time="1.960" /><testcase classname="backend.tests.test_p0_features.TestClientDocumentsForCV" name="test_list_client_documents" time="0.460" /><testcase classname="backend.tests.test_p0_features.TestClientDocumentsForCV" name="test_list_client_documents_cv_category" time="0.458" /></testsuite></testsuites>