<?xml version="1.0" encoding="utf-8"?><testsuites name="pytest tests"><testsuite name="pytest" errors="0" failures="0" skipped="0" tests="16" time="10.810" timestamp="2026-01-23T18:01:53.890566+00:00" hostname="agent-env-6b7147c6-59ea-412f-9c95-e4d483f1dd6b"><testcase classname="backend.tests.test_client_dashboard_new_sections.TestClientDashboardNewSections" name="test_agenda_list" time="1.541" /><testcase classname="backend.tests.test_client_dashboard_new_sections.TestClientDashboardNewSections" name="test_agenda_create" time="0.722" /><testcase classname="backend.tests.test_client_dashboard_new_sections.TestClientDashboardNewSections" name="test_agenda_create_minimal" time="0.694" /><testcase classname="backend.tests.test_client_dashboard_new_sections.TestClientDashboardNewSections" name="test_finances_get_stats" time="0.769" /><testcase classname="backend.tests.test_client_dashboard_new_sections.TestClientDashboardNewSections" name="test_donations_list" time="0.488" /><testcase classname="backend.tests.test_client_dashboard_new_sections.TestClientDashboardNewSections" name="test_donations_create" time="0.438" /><testcase classname="backend.tests.test_client_dashboard_new_sections.TestClientDashboardNewSections" name="test_donations_create_anonymous" time="0.439" /><testcase classname="backend.tests.test_client_dashboard_new_sections.TestClientDashboardNewSections" name="test_wishlist_list" time="0.460" /><testcase classname="backend.tests.test_client_dashboard_new_sections.TestClientDashboardNewSections" name="test_wishlist_add_and_remove" time="0.792" /><testcase classname="backend.tests.test_client_dashboard_new_sections.TestClientDashboardNewSections" name="test_wishlist_check" time="0.436" /><testcase classname="backend.tests.test_client_dashboard_new_sections.TestClientDashboardNewSections" name="test_suggestions_from_friends" time="0.825" /><testcase classname="backend.tests.test_client_dashboard_new_sections.TestClientDashboardNewSections" name="test_providers_list" time="0.436" /><testcase classname="backend.tests.test_client_dashboard_new_sections.TestClientDashboardNewSections" name="test_providers_add_and_remove" time="0.823" /><testcase classname="backend.tests.test_client_dashboard_new_sections.TestClientDashboardNewSections" name="test_cards_list" time="0.431" /><testcase classname="backend.tests.test_client_dashboard_new_sections.TestClientDashboardNewSections" name="test_cards_add_and_delete" time="0.667" /><testcase classname="backend.tests.test_client_dashboard_new_sections.TestFinancesDataVerification" name="test_finances_data_values" time="0.764" /></testsuite></testsuites>