<?xml version="1.0" encoding="utf-8"?><testsuites name="pytest tests"><testsuite name="pytest" errors="0" failures="0" skipped="1" tests="16" time="7.817" timestamp="2026-01-23T02:19:17.187561+00:00" hostname="agent-env-4abd5a79-bd71-4724-951a-d8386af35291"><testcase classname="backend.tests.test_bug_fixes_iteration11.TestAuthAndInfluencer" name="test_login_client" time="0.238" /><testcase classname="backend.tests.test_bug_fixes_iteration11.TestAuthAndInfluencer" name="test_login_enterprise" time="0.201" /><testcase classname="backend.tests.test_bug_fixes_iteration11.TestAuthAndInfluencer" name="test_login_influencer" time="0.374" /><testcase classname="backend.tests.test_bug_fixes_iteration11.TestAuthAndInfluencer" name="test_influencer_registration_returns_correct_user_type" time="0.593" /><testcase classname="backend.tests.test_bug_fixes_iteration11.TestInfluencerDashboard" name="test_influencer_profile_endpoint" time="0.771" /><testcase classname="backend.tests.test_bug_fixes_iteration11.TestSubscriptionCheckout" name="test_subscription_checkout_returns_url_and_session_id" time="0.874" /><testcase classname="backend.tests.test_bug_fixes_iteration11.TestSubscriptionCheckout" name="test_subscription_checkout_invalid_plan" time="0.352" /><testcase classname="backend.tests.test_bug_fixes_iteration11.TestAdvertisingPayment" name="test_advertising_pay_endpoint_exists" time="1.112"><skipped type="pytest.skip" message="Could not create test ad: 422">/app/backend/tests/test_bug_fixes_iteration11.py:255: Could not create test ad: 422</skipped></testcase><testcase classname="backend.tests.test_bug_fixes_iteration11.TestJobFilters" name="test_jobs_list_endpoint" time="0.480" /><testcase classname="backend.tests.test_bug_fixes_iteration11.TestJobFilters" name="test_jobs_filter_by_type" time="0.480" /><testcase classname="backend.tests.test_bug_fixes_iteration11.TestJobFilters" name="test_jobs_filter_by_location" time="0.491" /><testcase classname="backend.tests.test_bug_fixes_iteration11.TestJobFilters" name="test_jobs_have_enterprise_name" time="0.476" /><testcase classname="backend.tests.test_bug_fixes_iteration11.TestServicesAndProducts" name="test_services_list" time="0.258" /><testcase classname="backend.tests.test_bug_fixes_iteration11.TestServicesAndProducts" name="test_products_list" time="0.250" /><testcase classname="backend.tests.test_bug_fixes_iteration11.TestServicesAndProducts" name="test_service_detail_with_reviews" time="0.402" /><testcase classname="backend.tests.test_bug_fixes_iteration11.TestReviewsAPI" name="test_reviews_endpoint" time="0.398" /></testsuite></testsuites>