<?xml version="1.0" encoding="utf-8"?><testsuites name="pytest tests"><testsuite name="pytest" errors="0" failures="0" skipped="0" tests="23" time="84.213" timestamp="2026-01-25T00:48:02.441515+00:00" hostname="agent-env-b15102dc-4213-4440-b10c-e37f4b3e1e00"><testcase classname="backend.tests.test_iteration33_admin_withdrawals.TestAdminAuthentication" name="test_admin_login" time="1.256" /><testcase classname="backend.tests.test_iteration33_admin_withdrawals.TestAdminAuthentication" name="test_client_login" time="0.205" /><testcase classname="backend.tests.test_iteration33_admin_withdrawals.TestAdminWithdrawalsEndpoint" name="test_admin_can_list_withdrawals" time="1.123" /><testcase classname="backend.tests.test_iteration33_admin_withdrawals.TestAdminWithdrawalsEndpoint" name="test_admin_can_filter_by_status" time="4.865" /><testcase classname="backend.tests.test_iteration33_admin_withdrawals.TestAdminWithdrawalsEndpoint" name="test_non_admin_cannot_access_withdrawals" time="0.354" /><testcase classname="backend.tests.test_iteration33_admin_withdrawals.TestAdminWithdrawalsEndpoint" name="test_unauthenticated_cannot_access_withdrawals" time="0.035" /><testcase classname="backend.tests.test_iteration33_admin_withdrawals.TestAdminWithdrawalStatusUpdate" name="test_get_withdrawal_for_status_update" time="1.123" /><testcase classname="backend.tests.test_iteration33_admin_withdrawals.TestAdminWithdrawalStatusUpdate" name="test_admin_can_update_status_to_completed" time="2.405" /><testcase classname="backend.tests.test_iteration33_admin_withdrawals.TestAdminWithdrawalStatusUpdate" name="test_invalid_status_rejected" time="1.268" /><testcase classname="backend.tests.test_iteration33_admin_withdrawals.TestAdminWithdrawalStatusUpdate" name="test_nonexistent_withdrawal_returns_404" time="0.456" /><testcase classname="backend.tests.test_iteration33_admin_withdrawals.TestAdminWithdrawalCSVExport" name="test_admin_can_export_csv" time="0.497" /><testcase classname="backend.tests.test_iteration33_admin_withdrawals.TestAdminWithdrawalCSVExport" name="test_csv_export_with_status_filter" time="0.458" /><testcase classname="backend.tests.test_iteration33_admin_withdrawals.TestAdminWithdrawalCSVExport" name="test_non_admin_cannot_export_csv" time="0.381" /><testcase classname="backend.tests.test_iteration33_admin_withdrawals.TestAdminWithdrawalDetail" name="test_admin_can_get_withdrawal_detail" time="29.161" /><testcase classname="backend.tests.test_iteration33_admin_withdrawals.TestFailedWithdrawalRefund" name="test_failed_status_refunds_balance" time="38.025" /><testcase classname="backend.tests.test_iteration33_admin_withdrawals.TestStripeWebhook" name="test_webhook_endpoint_exists" time="0.039" /><testcase classname="backend.tests.test_iteration33_admin_withdrawals.TestStripeWebhook" name="test_webhook_handles_transfer_created_event" time="0.150" /><testcase classname="backend.tests.test_iteration33_admin_withdrawals.TestStripeWebhook" name="test_webhook_handles_transfer_paid_event" time="0.149" /><testcase classname="backend.tests.test_iteration33_admin_withdrawals.TestStripeWebhook" name="test_webhook_handles_transfer_failed_event" time="0.147" /><testcase classname="backend.tests.test_iteration33_admin_withdrawals.TestStripeWebhook" name="test_webhook_handles_payout_events" time="0.307" /><testcase classname="backend.tests.test_iteration33_admin_withdrawals.TestClientCashbackWithdrawal" name="test_client_can_get_withdrawal_info" time="0.475" /><testcase classname="backend.tests.test_iteration33_admin_withdrawals.TestClientCashbackWithdrawal" name="test_client_can_get_withdrawal_history" time="0.510" /><testcase classname="backend.tests.test_iteration33_admin_withdrawals.TestNotifications" name="test_client_can_get_notifications" time="0.730" /></testsuite></testsuites>