<?xml version="1.0" encoding="utf-8"?><testsuites name="pytest tests"><testsuite name="pytest" errors="0" failures="0" skipped="0" tests="14" time="6.963" timestamp="2026-01-23T00:12:09.909337+00:00" hostname="agent-env-c7bf67dc-80d2-4152-916f-e54a764d9793"><testcase classname="backend.tests.test_influencer_refactoring.TestHealthAndBasics" name="test_health_endpoint" time="0.081" /><testcase classname="backend.tests.test_influencer_refactoring.TestInfluencerRegistration" name="test_register_influencer_user" time="0.485" /><testcase classname="backend.tests.test_influencer_refactoring.TestInfluencerProfileAPIs" name="test_get_influencer_profile_unauthorized" time="0.037" /><testcase classname="backend.tests.test_influencer_refactoring.TestInfluencerProfileAPIs" name="test_get_influencer_profile_with_enterprise_token" time="0.610" /><testcase classname="backend.tests.test_influencer_refactoring.TestInfluencersListAPI" name="test_get_influencers_list" time="0.145" /><testcase classname="backend.tests.test_influencer_refactoring.TestInfluencersListAPI" name="test_get_influencers_by_category" time="0.145" /><testcase classname="backend.tests.test_influencer_refactoring.TestIACampaignsAPI" name="test_get_ia_campaigns" time="0.571" /><testcase classname="backend.tests.test_influencer_refactoring.TestIACampaignsAPI" name="test_create_ia_campaign" time="0.987" /><testcase classname="backend.tests.test_influencer_refactoring.TestInvitationsAPI" name="test_get_invitations" time="0.611" /><testcase classname="backend.tests.test_influencer_refactoring.TestInvitationsAPI" name="test_create_invitation" time="0.988" /><testcase classname="backend.tests.test_influencer_refactoring.TestInfluencerCollaborationsAPI" name="test_get_collaborations" time="0.801" /><testcase classname="backend.tests.test_influencer_refactoring.TestInfluencerCollaborationsAPI" name="test_create_collaboration" time="0.878" /><testcase classname="backend.tests.test_influencer_refactoring.TestEnterpriseDashboardLogin" name="test_enterprise_login" time="0.205" /><testcase classname="backend.tests.test_influencer_refactoring.TestEnterpriseDashboardLogin" name="test_get_enterprise_profile" time="0.347" /></testsuite></testsuites>