<?xml version="1.0" encoding="utf-8"?><testsuites name="pytest tests"><testsuite name="pytest" errors="0" failures="0" skipped="0" tests="20" time="13.441" timestamp="2026-01-23T19:33:11.783625+00:00" hostname="agent-env-989d871b-57e7-4d3e-83d2-9a2af39e9442"><testcase classname="backend.tests.test_p1_features_audit.TestClientAuthentication" name="test_client_login" time="1.285" /><testcase classname="backend.tests.test_p1_features_audit.TestEnterpriseAuthentication" name="test_enterprise_login" time="0.210" /><testcase classname="backend.tests.test_p1_features_audit.TestClientWishlist" name="test_get_wishlist" time="0.473" /><testcase classname="backend.tests.test_p1_features_audit.TestClientWishlist" name="test_add_to_wishlist" time="0.384" /><testcase classname="backend.tests.test_p1_features_audit.TestClientWishlist" name="test_wishlist_check" time="0.414" /><testcase classname="backend.tests.test_p1_features_audit.TestClientProviders" name="test_get_providers" time="0.375" /><testcase classname="backend.tests.test_p1_features_audit.TestClientProviders" name="test_add_provider" time="0.523" /><testcase classname="backend.tests.test_p1_features_audit.TestClientPremium" name="test_get_premium_status" time="0.374" /><testcase classname="backend.tests.test_p1_features_audit.TestClientPremium" name="test_premium_checkout_creates_real_stripe_session" time="0.781" /><testcase classname="backend.tests.test_p1_features_audit.TestClientPremium" name="test_premium_cancel" time="0.373" /><testcase classname="backend.tests.test_p1_features_audit.TestClientFinances" name="test_get_finances" time="0.623" /><testcase classname="backend.tests.test_p1_features_audit.TestClientAgenda" name="test_get_agenda" time="0.263" /><testcase classname="backend.tests.test_p1_features_audit.TestClientDonations" name="test_get_donations" time="0.258" /><testcase classname="backend.tests.test_p1_features_audit.TestEnterpriseServices" name="test_get_enterprise_services" time="0.578" /><testcase classname="backend.tests.test_p1_features_audit.TestEnterpriseOrders" name="test_get_enterprise_orders" time="0.374" /><testcase classname="backend.tests.test_p1_features_audit.TestEnterpriseIACampaigns" name="test_get_ia_campaigns" time="0.487" /><testcase classname="backend.tests.test_p1_features_audit.TestEnterpriseIACampaigns" name="test_create_ia_campaign_with_real_targeting" time="0.606" /><testcase classname="backend.tests.test_p1_features_audit.TestEnterpriseAdvertising" name="test_get_advertising" time="0.380" /><testcase classname="backend.tests.test_p1_features_audit.TestEnterpriseSubscription" name="test_subscription_checkout_standard" time="0.533" /><testcase classname="backend.tests.test_p1_features_audit.TestCleanup" name="test_cleanup_test_campaigns" time="4.059" /></testsuite></testsuites>