<?xml version="1.0" encoding="utf-8"?><testsuites name="pytest tests"><testsuite name="pytest" errors="0" failures="0" skipped="0" tests="38" time="60.583" timestamp="2026-02-02T22:06:11.208227+00:00" hostname="agent-env-2966759e-b2d7-4e1d-926f-b9e224c0146f"><testcase classname="backend.tests.test_iteration39_production_audit.TestAuthentication" name="test_client_login" time="1.237" /><testcase classname="backend.tests.test_iteration39_production_audit.TestAuthentication" name="test_enterprise_login" time="0.149" /><testcase classname="backend.tests.test_iteration39_production_audit.TestAuthentication" name="test_admin_login" time="0.153" /><testcase classname="backend.tests.test_iteration39_production_audit.TestRdvTitelli" name="test_rdv_categories_count_8" time="0.037" /><testcase classname="backend.tests.test_iteration39_production_audit.TestRdvTitelli" name="test_rdv_offers_list" time="1.473" /><testcase classname="backend.tests.test_iteration39_production_audit.TestRdvTitelli" name="test_rdv_my_offers" time="0.408" /><testcase classname="backend.tests.test_iteration39_production_audit.TestRdvTitelli" name="test_rdv_invitations_received" time="0.408" /><testcase classname="backend.tests.test_iteration39_production_audit.TestRdvTitelli" name="test_rdv_romantic_subscription_status" time="0.452" /><testcase classname="backend.tests.test_iteration39_production_audit.TestRdvTitelli" name="test_rdv_romantic_subscription_stripe_checkout" time="1.052" /><testcase classname="backend.tests.test_iteration39_production_audit.TestSports" name="test_sports_categories_count_11" time="0.058" /><testcase classname="backend.tests.test_iteration39_production_audit.TestSports" name="test_sports_matches_list" time="0.530" /><testcase classname="backend.tests.test_iteration39_production_audit.TestSports" name="test_sports_my_matches" time="0.408" /><testcase classname="backend.tests.test_iteration39_production_audit.TestSports" name="test_sports_teams_list" time="0.256" /><testcase classname="backend.tests.test_iteration39_production_audit.TestSports" name="test_sports_my_teams" time="0.404" /><testcase classname="backend.tests.test_iteration39_production_audit.TestSports" name="test_sports_competitions_list" time="0.265" /><testcase classname="backend.tests.test_iteration39_production_audit.TestGamification" name="test_gamification_profile" time="0.420" /><testcase classname="backend.tests.test_iteration39_production_audit.TestGamification" name="test_gamification_badges" time="0.406" /><testcase classname="backend.tests.test_iteration39_production_audit.TestGamification" name="test_gamification_levels" time="0.036" /><testcase classname="backend.tests.test_iteration39_production_audit.TestGamification" name="test_gamification_leaderboard" time="0.366" /><testcase classname="backend.tests.test_iteration39_production_audit.TestGamification" name="test_gamification_points_config" time="0.037" /><testcase classname="backend.tests.test_iteration39_production_audit.TestParrainage" name="test_referral_my_code" time="0.521" /><testcase classname="backend.tests.test_iteration39_production_audit.TestParrainage" name="test_referral_stats" time="0.529" /><testcase classname="backend.tests.test_iteration39_production_audit.TestParrainage" name="test_referral_leaderboard" time="0.257" /><testcase classname="backend.tests.test_iteration39_production_audit.TestTitelliProPlus" name="test_pro_status_enterprise_only" time="0.746" /><testcase classname="backend.tests.test_iteration39_production_audit.TestTitelliProPlus" name="test_pro_subscribe_stripe_checkout" time="0.838" /><testcase classname="backend.tests.test_iteration39_production_audit.TestTitelliProPlus" name="test_pro_deliveries" time="0.405" /><testcase classname="backend.tests.test_iteration39_production_audit.TestTitelliProPlus" name="test_pro_liquidations" time="0.410" /><testcase classname="backend.tests.test_iteration39_production_audit.TestSpecialists" name="test_specialists_categories_count_10" time="0.039" /><testcase classname="backend.tests.test_iteration39_production_audit.TestSpecialists" name="test_specialists_passes_count_3" time="27.813" /><testcase classname="backend.tests.test_iteration39_production_audit.TestSpecialists" name="test_specialists_pass_subscribe_stripe" time="12.137" /><testcase classname="backend.tests.test_iteration39_production_audit.TestSpecialists" name="test_specialists_requests" time="0.403" /><testcase classname="backend.tests.test_iteration39_production_audit.TestNotifications" name="test_notifications_list" time="3.635" /><testcase classname="backend.tests.test_iteration39_production_audit.TestNotifications" name="test_notifications_unread_count" time="0.430" /><testcase classname="backend.tests.test_iteration39_production_audit.TestNotifications" name="test_notifications_preferences" time="0.438" /><testcase classname="backend.tests.test_iteration39_production_audit.TestEmailPreferences" name="test_email_preferences_get" time="0.424" /><testcase classname="backend.tests.test_iteration39_production_audit.TestEmailPreferences" name="test_email_preferences_put" time="0.463" /><testcase classname="backend.tests.test_iteration39_production_audit.TestStripeConfiguration" name="test_stripe_checkout_urls_are_live" time="2.385" /><testcase classname="backend.tests.test_iteration39_production_audit.TestHealthAndBasics" name="test_health_endpoint" time="0.036" /></testsuite></testsuites>