<?xml version="1.0" encoding="utf-8"?><testsuites name="pytest tests"><testsuite name="pytest" errors="0" failures="0" skipped="0" tests="18" time="4.090" timestamp="2026-01-22T21:37:32.878263+00:00" hostname="agent-env-6c9a584f-9ef5-439e-a290-f895959474ea"><testcase classname="backend.tests.test_new_features.TestSubscriptionsAPI" name="test_get_subscription_plans" time="0.071" /><testcase classname="backend.tests.test_new_features.TestSubscriptionsAPI" name="test_get_addons" time="0.042" /><testcase classname="backend.tests.test_new_features.TestSubscriptionsAPI" name="test_base_features" time="0.038" /><testcase classname="backend.tests.test_new_features.TestAuthenticationAPI" name="test_enterprise_login" time="0.200" /><testcase classname="backend.tests.test_new_features.TestAuthenticationAPI" name="test_client_login" time="0.198" /><testcase classname="backend.tests.test_new_features.TestAuthenticationAPI" name="test_invalid_login" time="0.156" /><testcase classname="backend.tests.test_new_features.TestEnterpriseAPI" name="test_get_enterprises" time="0.250" /><testcase classname="backend.tests.test_new_features.TestEnterpriseAPI" name="test_get_current_subscription" time="0.447" /><testcase classname="backend.tests.test_new_features.TestAdvertisingAPI" name="test_list_advertising" time="0.557" /><testcase classname="backend.tests.test_new_features.TestAdvertisingAPI" name="test_create_advertising" time="0.923" /><testcase classname="backend.tests.test_new_features.TestCategoriesAPI" name="test_get_service_categories" time="0.033" /><testcase classname="backend.tests.test_new_features.TestCategoriesAPI" name="test_get_product_categories" time="0.038" /><testcase classname="backend.tests.test_new_features.TestFeaturedAPI" name="test_get_tendances" time="0.147" /><testcase classname="backend.tests.test_new_features.TestFeaturedAPI" name="test_get_guests" time="0.142" /><testcase classname="backend.tests.test_new_features.TestFeaturedAPI" name="test_get_offres" time="0.142" /><testcase classname="backend.tests.test_new_features.TestFeaturedAPI" name="test_get_premium" time="0.148" /><testcase classname="backend.tests.test_new_features.TestServicesProductsAPI" name="test_list_services_products" time="0.253" /><testcase classname="backend.tests.test_new_features.TestServicesProductsAPI" name="test_filter_by_type" time="0.254" /></testsuite></testsuites>