<?xml version="1.0" encoding="utf-8"?><testsuites name="pytest tests"><testsuite name="pytest" errors="0" failures="0" skipped="0" tests="24" time="19.007" timestamp="2026-01-22T18:22:03.189825+00:00" hostname="agent-env-b0ecaad1-9f05-4ce7-9dc7-e2f017c4b519"><testcase classname="backend.tests.test_notifications_and_forms.TestNotificationsAPI" name="test_get_notifications_list" time="0.620" /><testcase classname="backend.tests.test_notifications_and_forms.TestNotificationsAPI" name="test_get_notifications_unread_only" time="0.387" /><testcase classname="backend.tests.test_notifications_and_forms.TestNotificationsAPI" name="test_mark_notification_read" time="0.659" /><testcase classname="backend.tests.test_notifications_and_forms.TestNotificationsAPI" name="test_mark_all_notifications_read" time="0.663" /><testcase classname="backend.tests.test_notifications_and_forms.TestServicesProductsAPI" name="test_create_service_with_all_fields" time="0.366" /><testcase classname="backend.tests.test_notifications_and_forms.TestServicesProductsAPI" name="test_create_product_with_all_fields" time="0.381" /><testcase classname="backend.tests.test_notifications_and_forms.TestServicesProductsAPI" name="test_create_service_missing_required_fields" time="0.144" /><testcase classname="backend.tests.test_notifications_and_forms.TestServicesProductsAPI" name="test_get_service_product_by_id" time="0.552" /><testcase classname="backend.tests.test_notifications_and_forms.TestServicesProductsAPI" name="test_update_service_product" time="0.995" /><testcase classname="backend.tests.test_notifications_and_forms.TestServicesProductsAPI" name="test_delete_service_product" time="1.010" /><testcase classname="backend.tests.test_notifications_and_forms.TestTrainingsAPI" name="test_create_training" time="0.370" /><testcase classname="backend.tests.test_notifications_and_forms.TestTrainingsAPI" name="test_get_enterprise_trainings" time="0.363" /><testcase classname="backend.tests.test_notifications_and_forms.TestTrainingsAPI" name="test_get_all_public_trainings" time="0.185" /><testcase classname="backend.tests.test_notifications_and_forms.TestTrainingsAPI" name="test_delete_training" time="0.789" /><testcase classname="backend.tests.test_notifications_and_forms.TestJobsAPI" name="test_create_job" time="0.364" /><testcase classname="backend.tests.test_notifications_and_forms.TestJobsAPI" name="test_get_enterprise_jobs" time="0.363" /><testcase classname="backend.tests.test_notifications_and_forms.TestJobsAPI" name="test_get_all_public_jobs" time="0.142" /><testcase classname="backend.tests.test_notifications_and_forms.TestJobsAPI" name="test_delete_job" time="0.741" /><testcase classname="backend.tests.test_notifications_and_forms.TestOffersAPI" name="test_create_offer" time="0.375" /><testcase classname="backend.tests.test_notifications_and_forms.TestOffersAPI" name="test_get_enterprise_offers" time="0.362" /><testcase classname="backend.tests.test_notifications_and_forms.TestOffersAPI" name="test_update_offer" time="0.748" /><testcase classname="backend.tests.test_notifications_and_forms.TestOffersAPI" name="test_delete_offer" time="0.743" /><testcase classname="backend.tests.test_notifications_and_forms.TestOrderNotification" name="test_order_creates_notification" time="2.402" /><testcase classname="backend.tests.test_notifications_and_forms.TestCleanup" name="test_cleanup_test_data" time="5.225" /></testsuite></testsuites>