<?xml version="1.0" encoding="utf-8"?><testsuites name="pytest tests"><testsuite name="pytest" errors="0" failures="0" skipped="0" tests="34" time="60.868" timestamp="2026-02-03T02:00:29.327806+00:00" hostname="agent-env-82f33343-e634-4b1b-b6bc-7d750c9aa199"><testcase classname="backend.tests.test_iteration40_monetization.TestHealthAndBasics" name="test_api_health" time="0.067" /><testcase classname="backend.tests.test_iteration40_monetization.TestHealthAndBasics" name="test_webhooks_health" time="0.041" /><testcase classname="backend.tests.test_iteration40_monetization.TestAuthentication" name="test_admin_login" time="1.234" /><testcase classname="backend.tests.test_iteration40_monetization.TestAuthentication" name="test_client_login" time="0.156" /><testcase classname="backend.tests.test_iteration40_monetization.TestAuthentication" name="test_enterprise_login" time="0.149" /><testcase classname="backend.tests.test_iteration40_monetization.TestStripePaymentFlows" name="test_premium_subscription_checkout" time="0.847" /><testcase classname="backend.tests.test_iteration40_monetization.TestStripePaymentFlows" name="test_premium_mvp_subscription_checkout" time="0.673" /><testcase classname="backend.tests.test_iteration40_monetization.TestRDVTitelliMonetization" name="test_rdv_categories" time="0.190" /><testcase classname="backend.tests.test_iteration40_monetization.TestRDVTitelliMonetization" name="test_romantic_subscription_checkout" time="1.826" /><testcase classname="backend.tests.test_iteration40_monetization.TestLifestylePasses" name="test_get_lifestyle_passes" time="0.261" /><testcase classname="backend.tests.test_iteration40_monetization.TestLifestylePasses" name="test_healthy_pass_checkout" time="0.838" /><testcase classname="backend.tests.test_iteration40_monetization.TestLifestylePasses" name="test_better_you_pass_checkout" time="0.848" /><testcase classname="backend.tests.test_iteration40_monetization.TestLifestylePasses" name="test_mvp_pass_checkout" time="0.834" /><testcase classname="backend.tests.test_iteration40_monetization.TestTitelliProPlus" name="test_pro_status_client_forbidden" time="0.377" /><testcase classname="backend.tests.test_iteration40_monetization.TestTitelliProPlus" name="test_pro_status_enterprise" time="0.414" /><testcase classname="backend.tests.test_iteration40_monetization.TestTitelliProPlus" name="test_pro_subscribe_enterprise" time="0.818" /><testcase classname="backend.tests.test_iteration40_monetization.TestStripeWebhooks" name="test_webhook_endpoint_exists" time="0.036" /><testcase classname="backend.tests.test_iteration40_monetization.TestStripeWebhooks" name="test_webhook_health" time="0.040" /><testcase classname="backend.tests.test_iteration40_monetization.TestAdminRoutes" name="test_admin_stats" time="0.964" /><testcase classname="backend.tests.test_iteration40_monetization.TestAdminRoutes" name="test_admin_stats_forbidden_for_client" time="0.315" /><testcase classname="backend.tests.test_iteration40_monetization.TestAdminRoutes" name="test_admin_users" time="0.651" /><testcase classname="backend.tests.test_iteration40_monetization.TestAdminRoutes" name="test_admin_accounting_summary" time="1.302" /><testcase classname="backend.tests.test_iteration40_monetization.TestReferralSystem" name="test_get_my_referral_code" time="0.518" /><testcase classname="backend.tests.test_iteration40_monetization.TestReferralSystem" name="test_referral_stats" time="0.602" /><testcase classname="backend.tests.test_iteration40_monetization.TestReferralSystem" name="test_referral_leaderboard" time="0.408" /><testcase classname="backend.tests.test_iteration40_monetization.TestEmailPreferences" name="test_get_notification_preferences" time="0.414" /><testcase classname="backend.tests.test_iteration40_monetization.TestEmailPreferences" name="test_update_notification_preferences" time="0.416" /><testcase classname="backend.tests.test_iteration40_monetization.TestSportsFeatures" name="test_sports_categories" time="0.186" /><testcase classname="backend.tests.test_iteration40_monetization.TestSportsFeatures" name="test_my_teams" time="0.409" /><testcase classname="backend.tests.test_iteration40_monetization.TestSportsFeatures" name="test_sports_matches" time="0.568" /><testcase classname="backend.tests.test_iteration40_monetization.TestSpecialistCategories" name="test_specialist_categories" time="0.194" /><testcase classname="backend.tests.test_iteration40_monetization.TestGamificationProfile" name="test_gamification_profile" time="43.532" /><testcase classname="backend.tests.test_iteration40_monetization.TestGamificationProfile" name="test_gamification_levels" time="0.405" /><testcase classname="backend.tests.test_iteration40_monetization.TestProFeatures" name="test_pro_features" time="0.222" /></testsuite></testsuites>