<?xml version="1.0" encoding="utf-8"?><testsuites name="pytest tests"><testsuite name="pytest" errors="0" failures="0" skipped="0" tests="35" time="36.520" timestamp="2026-01-23T18:33:07.651749+00:00" hostname="agent-env-6b7147c6-59ea-412f-9c95-e4d483f1dd6b"><testcase classname="backend.tests.test_iteration19_client_dashboard.TestClientDashboardNewSections" name="test_activity_feed_endpoint_returns_200" time="2.131" /><testcase classname="backend.tests.test_iteration19_client_dashboard.TestClientDashboardNewSections" name="test_activity_feed_with_limit_parameter" time="1.045" /><testcase classname="backend.tests.test_iteration19_client_dashboard.TestClientDashboardNewSections" name="test_activity_feed_structure" time="1.037" /><testcase classname="backend.tests.test_iteration19_client_dashboard.TestClientDashboardNewSections" name="test_my_feed_endpoint_returns_200" time="2.780" /><testcase classname="backend.tests.test_iteration19_client_dashboard.TestClientDashboardNewSections" name="test_my_feed_with_limit_parameter" time="2.812" /><testcase classname="backend.tests.test_iteration19_client_dashboard.TestClientDashboardNewSections" name="test_my_feed_activity_structure" time="2.787" /><testcase classname="backend.tests.test_iteration19_client_dashboard.TestClientDashboardNewSections" name="test_lifestyle_endpoint_returns_200" time="1.115" /><testcase classname="backend.tests.test_iteration19_client_dashboard.TestClientDashboardNewSections" name="test_lifestyle_preferences_structure" time="1.108" /><testcase classname="backend.tests.test_iteration19_client_dashboard.TestClientDashboardNewSections" name="test_lifestyle_wishlist_is_list" time="1.097" /><testcase classname="backend.tests.test_iteration19_client_dashboard.TestClientDashboardNewSections" name="test_invitations_endpoint_returns_200" time="0.436" /><testcase classname="backend.tests.test_iteration19_client_dashboard.TestClientDashboardNewSections" name="test_invitations_structure" time="0.483" /><testcase classname="backend.tests.test_iteration19_client_dashboard.TestClientDashboardNewSections" name="test_current_offers_endpoint_returns_200" time="0.473" /><testcase classname="backend.tests.test_iteration19_client_dashboard.TestClientDashboardNewSections" name="test_current_offers_structure" time="0.437" /><testcase classname="backend.tests.test_iteration19_client_dashboard.TestClientDashboardNewSections" name="test_guests_endpoint_returns_200" time="0.458" /><testcase classname="backend.tests.test_iteration19_client_dashboard.TestClientDashboardNewSections" name="test_add_guest_to_favorites" time="0.829" /><testcase classname="backend.tests.test_iteration19_client_dashboard.TestClientDashboardNewSections" name="test_remove_guest_from_favorites" time="0.790" /><testcase classname="backend.tests.test_iteration19_client_dashboard.TestClientDashboardNewSections" name="test_investments_endpoint_returns_200" time="0.475" /><testcase classname="backend.tests.test_iteration19_client_dashboard.TestClientDashboardNewSections" name="test_investments_statistics_structure" time="0.453" /><testcase classname="backend.tests.test_iteration19_client_dashboard.TestClientDashboardNewSections" name="test_create_investment" time="0.445" /><testcase classname="backend.tests.test_iteration19_client_dashboard.TestClientDashboardNewSections" name="test_create_business_investment" time="0.732" /><testcase classname="backend.tests.test_iteration19_client_dashboard.TestClientDashboardNewSections" name="test_delete_investment" time="0.955" /><testcase classname="backend.tests.test_iteration19_client_dashboard.TestClientDashboardNewSections" name="test_premium_status_endpoint_returns_200" time="0.596" /><testcase classname="backend.tests.test_iteration19_client_dashboard.TestClientDashboardNewSections" name="test_premium_benefits_structure" time="0.559" /><testcase classname="backend.tests.test_iteration19_client_dashboard.TestClientDashboardNewSections" name="test_premium_plan_features" time="0.570" /><testcase classname="backend.tests.test_iteration19_client_dashboard.TestClientDashboardNewSections" name="test_premium_cashback_rates" time="0.562" /><testcase classname="backend.tests.test_iteration19_client_dashboard.TestClientDashboardNewSections" name="test_upgrade_to_premium" time="0.744" /><testcase classname="backend.tests.test_iteration19_client_dashboard.TestClientDashboardNewSections" name="test_upgrade_to_vip" time="0.791" /><testcase classname="backend.tests.test_iteration19_client_dashboard.TestClientDashboardNewSections" name="test_upgrade_invalid_plan_fails" time="0.376" /><testcase classname="backend.tests.test_iteration19_client_dashboard.TestClientDashboardNewSections" name="test_cleanup_test_investments" time="0.710" /><testcase classname="backend.tests.test_iteration19_client_dashboard.TestClientDashboardIntegration" name="test_all_endpoints_accessible" time="5.797" /><testcase classname="backend.tests.test_iteration19_client_dashboard.TestClientDashboardIntegration" name="test_investment_crud_flow" time="1.202" /><testcase classname="backend.tests.test_iteration19_client_dashboard.TestClientDashboardIntegration" name="test_premium_upgrade_updates_status" time="1.461" /><testcase classname="backend.tests.test_iteration19_client_dashboard.TestUnauthorizedAccess" name="test_activity_feed_requires_auth" time="0.037" /><testcase classname="backend.tests.test_iteration19_client_dashboard.TestUnauthorizedAccess" name="test_investments_requires_auth" time="0.037" /><testcase classname="backend.tests.test_iteration19_client_dashboard.TestUnauthorizedAccess" name="test_premium_requires_auth" time="0.039" /></testsuite></testsuites>