<?xml version="1.0" encoding="utf-8"?><testsuites name="pytest tests"><testsuite name="pytest" errors="0" failures="6" skipped="0" tests="44" time="25.661" timestamp="2026-01-23T23:25:58.755528+00:00" hostname="agent-env-cc0b65cc-bc9a-4f16-af43-a4b402a8ee62"><testcase classname="backend.tests.test_iteration24_global_audit.TestHealthAndBasics" name="test_api_health" time="0.075" /><testcase classname="backend.tests.test_iteration24_global_audit.TestAuthentication" name="test_client_login" time="0.204" /><testcase classname="backend.tests.test_iteration24_global_audit.TestAuthentication" name="test_enterprise_login" time="0.205" /><testcase classname="backend.tests.test_iteration24_global_audit.TestStripePayments" name="test_enterprise_subscription_checkout_premium" time="0.738" /><testcase classname="backend.tests.test_iteration24_global_audit.TestStripePayments" name="test_enterprise_subscription_checkout_standard" time="0.623" /><testcase classname="backend.tests.test_iteration24_global_audit.TestStripePayments" name="test_enterprise_subscription_checkout_guest" time="0.684" /><testcase classname="backend.tests.test_iteration24_global_audit.TestStripePayments" name="test_enterprise_subscription_checkout_invalid_plan" time="0.354" /><testcase classname="backend.tests.test_iteration24_global_audit.TestStripePayments" name="test_client_premium_checkout" time="0.778" /><testcase classname="backend.tests.test_iteration24_global_audit.TestStripePayments" name="test_client_vip_checkout" time="0.350"><failure message="assert 400 == 200&#10; +  where 400 = &lt;Response [400]&gt;.status_code">backend/tests/test_iteration24_global_audit.py:161: in test_client_vip_checkout
    assert response.status_code == 200
E   assert 400 == 200
E    +  where 400 = &lt;Response [400]&gt;.status_code</failure></testcase><testcase classname="backend.tests.test_iteration24_global_audit.TestStripePayments" name="test_training_purchase" time="1.166" /><testcase classname="backend.tests.test_iteration24_global_audit.TestStripePayments" name="test_advertising_payment" time="0.253" /><testcase classname="backend.tests.test_iteration24_global_audit.TestEnterpriseContentCreation" name="test_create_service_product" time="0.570" /><testcase classname="backend.tests.test_iteration24_global_audit.TestEnterpriseContentCreation" name="test_create_training" time="0.569" /><testcase classname="backend.tests.test_iteration24_global_audit.TestEnterpriseContentCreation" name="test_create_job" time="0.349"><failure message="assert 422 == 200&#10; +  where 422 = &lt;Response [422]&gt;.status_code">backend/tests/test_iteration24_global_audit.py:317: in test_create_job
    assert response.status_code == 200
E   assert 422 == 200
E    +  where 422 = &lt;Response [422]&gt;.status_code</failure></testcase><testcase classname="backend.tests.test_iteration24_global_audit.TestEnterpriseContentCreation" name="test_list_enterprise_services" time="0.487" /><testcase classname="backend.tests.test_iteration24_global_audit.TestEnterpriseContentCreation" name="test_list_enterprise_trainings" time="0.565" /><testcase classname="backend.tests.test_iteration24_global_audit.TestEnterpriseContentCreation" name="test_list_enterprise_jobs" time="1.361" /><testcase classname="backend.tests.test_iteration24_global_audit.TestClientActivityFeed" name="test_client_activity_feed" time="1.120" /><testcase classname="backend.tests.test_iteration24_global_audit.TestClientActivityFeed" name="test_client_my_feed" time="3.006" /><testcase classname="backend.tests.test_iteration24_global_audit.TestEnterpriseActivityFeed" name="test_enterprise_activity_feed" time="0.899" /><testcase classname="backend.tests.test_iteration24_global_audit.TestEnterpriseActivityFeed" name="test_enterprise_activity_post" time="0.570" /><testcase classname="backend.tests.test_iteration24_global_audit.TestClientLifestyle" name="test_get_lifestyle" time="1.142" /><testcase classname="backend.tests.test_iteration24_global_audit.TestClientLifestyle" name="test_get_wishlist" time="0.483" /><testcase classname="backend.tests.test_iteration24_global_audit.TestClientLifestyle" name="test_add_to_wishlist" time="0.756" /><testcase classname="backend.tests.test_iteration24_global_audit.TestClientLifestyle" name="test_get_personal_providers" time="0.279"><failure message="assert 404 == 200&#10; +  where 404 = &lt;Response [404]&gt;.status_code">backend/tests/test_iteration24_global_audit.py:538: in test_get_personal_providers
    assert response.status_code == 200
E   assert 404 == 200
E    +  where 404 = &lt;Response [404]&gt;.status_code</failure></testcase><testcase classname="backend.tests.test_iteration24_global_audit.TestCashbackSystem" name="test_get_cashback_balance" time="0.461" /><testcase classname="backend.tests.test_iteration24_global_audit.TestCashbackSystem" name="test_get_cashback_history" time="0.571" /><testcase classname="backend.tests.test_iteration24_global_audit.TestEnterpriseSubscriptionStatus" name="test_get_subscription_status" time="0.789" /><testcase classname="backend.tests.test_iteration24_global_audit.TestEnterpriseSuggestions" name="test_get_suggestions" time="0.903"><failure message="KeyError: 0">backend/tests/test_iteration24_global_audit.py:650: in test_get_suggestions
    suggestion = data[0]
                 ^^^^^^^
E   KeyError: 0</failure></testcase><testcase classname="backend.tests.test_iteration24_global_audit.TestEnterpriseFavorites" name="test_get_favorites" time="0.567" /><testcase classname="backend.tests.test_iteration24_global_audit.TestEnterpriseFavorites" name="test_add_favorite" time="0.626"><failure message="assert 422 in [200, 400]&#10; +  where 422 = &lt;Response [422]&gt;.status_code">backend/tests/test_iteration24_global_audit.py:698: in test_add_favorite
    assert response.status_code in [200, 400]
E   assert 422 in [200, 400]
E    +  where 422 = &lt;Response [422]&gt;.status_code</failure></testcase><testcase classname="backend.tests.test_iteration24_global_audit.TestHomepageSections" name="test_get_tendances" time="0.148" /><testcase classname="backend.tests.test_iteration24_global_audit.TestHomepageSections" name="test_get_guests" time="0.146" /><testcase classname="backend.tests.test_iteration24_global_audit.TestHomepageSections" name="test_get_premium" time="0.148" /><testcase classname="backend.tests.test_iteration24_global_audit.TestHomepageSections" name="test_get_offres" time="0.148" /><testcase classname="backend.tests.test_iteration24_global_audit.TestHomepageSections" name="test_list_all_jobs" time="1.255" /><testcase classname="backend.tests.test_iteration24_global_audit.TestHomepageSections" name="test_list_all_trainings" time="0.147" /><testcase classname="backend.tests.test_iteration24_global_audit.TestCategories" name="test_get_product_categories" time="0.036" /><testcase classname="backend.tests.test_iteration24_global_audit.TestCategories" name="test_get_service_categories" time="0.040" /><testcase classname="backend.tests.test_iteration24_global_audit.TestEnterprisesList" name="test_list_enterprises" time="0.254" /><testcase classname="backend.tests.test_iteration24_global_audit.TestEnterprisesList" name="test_filter_certified_enterprises" time="0.257" /><testcase classname="backend.tests.test_iteration24_global_audit.TestEnterprisesList" name="test_filter_premium_enterprises" time="0.252" /><testcase classname="backend.tests.test_iteration24_global_audit.TestClientPremiumStatus" name="test_get_premium_status" time="0.232"><failure message="assert 404 == 200&#10; +  where 404 = &lt;Response [404]&gt;.status_code">backend/tests/test_iteration24_global_audit.py:822: in test_get_premium_status
    assert response.status_code == 200
E   assert 404 == 200
E    +  where 404 = &lt;Response [404]&gt;.status_code</failure></testcase><testcase classname="backend.tests.test_iteration24_global_audit.TestCleanup" name="test_cleanup_test_data" time="0.934" /></testsuite></testsuites>