<?xml version="1.0" encoding="utf-8"?><testsuites name="pytest tests"><testsuite name="pytest" errors="0" failures="0" skipped="0" tests="17" time="8.802" timestamp="2026-01-24T23:48:09.780659+00:00" hostname="agent-env-b15102dc-4213-4440-b10c-e37f4b3e1e00"><testcase classname="backend.tests.test_iteration30_bug_fixes.TestAuthentication" name="test_enterprise_login" time="1.234" /><testcase classname="backend.tests.test_iteration30_bug_fixes.TestAuthentication" name="test_client_login" time="0.205" /><testcase classname="backend.tests.test_iteration30_bug_fixes.TestSubscriptionCheckout" name="test_get_subscription_plans" time="0.034" /><testcase classname="backend.tests.test_iteration30_bug_fixes.TestSubscriptionCheckout" name="test_subscription_checkout_standard_plan" time="0.890" /><testcase classname="backend.tests.test_iteration30_bug_fixes.TestSubscriptionCheckout" name="test_subscription_checkout_guest_plan" time="0.648" /><testcase classname="backend.tests.test_iteration30_bug_fixes.TestSubscriptionCheckout" name="test_subscription_checkout_premium_plan" time="0.666" /><testcase classname="backend.tests.test_iteration30_bug_fixes.TestSubscriptionCheckout" name="test_subscription_checkout_invalid_plan" time="0.341" /><testcase classname="backend.tests.test_iteration30_bug_fixes.TestSubscriptionCheckout" name="test_subscription_checkout_requires_auth" time="0.036" /><testcase classname="backend.tests.test_iteration30_bug_fixes.TestClientDashboard" name="test_client_orders_endpoint" time="0.455" /><testcase classname="backend.tests.test_iteration30_bug_fixes.TestClientDashboard" name="test_client_notifications_endpoint" time="0.567" /><testcase classname="backend.tests.test_iteration30_bug_fixes.TestClientDashboard" name="test_client_cashback_balance" time="0.468" /><testcase classname="backend.tests.test_iteration30_bug_fixes.TestClientDashboard" name="test_client_profile_endpoint" time="0.794" /><testcase classname="backend.tests.test_iteration30_bug_fixes.TestServicesAndProducts" name="test_list_services" time="0.260" /><testcase classname="backend.tests.test_iteration30_bug_fixes.TestServicesAndProducts" name="test_list_products" time="0.257" /><testcase classname="backend.tests.test_iteration30_bug_fixes.TestServicesAndProducts" name="test_get_service_detail" time="0.403" /><testcase classname="backend.tests.test_iteration30_bug_fixes.TestNotificationCounters" name="test_notifications_list" time="0.566" /><testcase classname="backend.tests.test_iteration30_bug_fixes.TestNotificationCounters" name="test_friends_requests" time="0.896" /></testsuite></testsuites>